2020-07-02 10:22:22 INF:  =====================================
2020-07-02 10:22:22 INF:  * RTStartup *
2020-07-02 10:22:22 INF:  -------------------------------------
2020-07-02 10:22:22 INF:  QLM 1.2.1 M
2020-07-02 10:22:22 INF:  appType4thDimension:0x1700, interpreted
2020-07-02 10:22:22 INF:  -------------------------------------
2020-07-02 10:22:22 INF:  RTLoadStructKeys
2020-07-02 10:22:22 INF:  IOLoadStructureKeys
2020-07-02 10:22:22 ERR:  Get4DRes -192
2020-07-02 10:22:22 INF:  Struct key count: 0
2020-07-02 10:22:22 INF:  -------------------------------------
2020-07-02 10:22:22 INF:  RTLoadExtKeys
2020-07-02 10:22:22 INF:  IOLoadExternalKey
2020-07-02 10:22:22 INF:  Checking existense of directory: <CFURL 0x60000141da40 [0x7fffabcb08e0]>{string = file:///Users/if65/Library/Application%20Support/4D/Licenses/Escape/, encoding = 134217984, base = (null)}
2020-07-02 10:22:22 INF:  Path exists: <CFURL 0x60000141da40 [0x7fffabcb08e0]>{string = file:///Users/if65/Library/Application%20Support/4D/Licenses/Escape/, encoding = 134217984, base = (null)}
2020-07-02 10:22:22 INF:  Directory exists: <CFURL 0x60000141da40 [0x7fffabcb08e0]>{string = file:///Users/if65/Library/Application%20Support/4D/Licenses/Escape/, encoding = 134217984, base = (null)}
2020-07-02 10:22:22 INF:  External key file path: /Users/if65/Library/Application Support/4D/Licenses/Escape/PFood.QLC
2020-07-02 10:22:22 ERR:  ReadFromFile -43
2020-07-02 10:22:22 INF:  Ext key count: 0
2020-07-02 11:08:29 INF:  * RTShutdown *
2020-07-02 11:08:39 INF:  =====================================
2020-07-02 11:08:39 INF:  * RTStartup *
2020-07-02 11:08:39 INF:  -------------------------------------
2020-07-02 11:08:39 INF:  QLM 1.2.1 M
2020-07-02 11:08:39 INF:  appType4thDimension:0x1700, interpreted
2020-07-02 11:08:39 INF:  -------------------------------------
2020-07-02 11:08:39 INF:  RTLoadStructKeys
2020-07-02 11:08:39 INF:  IOLoadStructureKeys
2020-07-02 11:08:39 ERR:  Get4DRes -192
2020-07-02 11:08:39 INF:  Struct key count: 0
2020-07-02 11:08:39 INF:  -------------------------------------
2020-07-02 11:08:39 INF:  RTLoadExtKeys
2020-07-02 11:08:39 INF:  IOLoadExternalKey
2020-07-02 11:08:39 INF:  Checking existense of directory: <CFURL 0x60000081d9e0 [0x7fffabcb08e0]>{string = file:///Users/if65/Library/Application%20Support/4D/Licenses/Escape/, encoding = 134217984, base = (null)}
2020-07-02 11:08:39 INF:  Path exists: <CFURL 0x60000081d9e0 [0x7fffabcb08e0]>{string = file:///Users/if65/Library/Application%20Support/4D/Licenses/Escape/, encoding = 134217984, base = (null)}
2020-07-02 11:08:39 INF:  Directory exists: <CFURL 0x60000081d9e0 [0x7fffabcb08e0]>{string = file:///Users/if65/Library/Application%20Support/4D/Licenses/Escape/, encoding = 134217984, base = (null)}
2020-07-02 11:08:39 INF:  External key file path: /Users/if65/Library/Application Support/4D/Licenses/Escape/PFood.QLC
2020-07-02 11:08:39 ERR:  ReadFromFile -43
2020-07-02 11:08:39 INF:  Ext key count: 0
2020-07-02 11:08:44 INF:  * RTShutdown *
2020-07-02 11:10:15 INF:  =====================================
2020-07-02 11:10:15 INF:  * RTStartup *
2020-07-02 11:10:15 INF:  -------------------------------------
2020-07-02 11:10:15 INF:  QLM 1.2.1 M
2020-07-02 11:10:15 INF:  appType4thDimension:0x1700, interpreted
2020-07-02 11:10:15 INF:  -------------------------------------
2020-07-02 11:10:15 INF:  RTLoadStructKeys
2020-07-02 11:10:15 INF:  IOLoadStructureKeys
2020-07-02 11:10:15 ERR:  Get4DRes -192
2020-07-02 11:10:15 INF:  Struct key count: 0
2020-07-02 11:10:15 INF:  -------------------------------------
2020-07-02 11:10:15 INF:  RTLoadExtKeys
2020-07-02 11:10:15 INF:  IOLoadExternalKey
2020-07-02 11:10:15 INF:  Checking existense of directory: <CFURL 0x6000023577e0 [0x7fffabcb08e0]>{string = file:///Users/if65/Library/Application%20Support/4D/Licenses/Escape/, encoding = 134217984, base = (null)}
2020-07-02 11:10:15 INF:  Path exists: <CFURL 0x6000023577e0 [0x7fffabcb08e0]>{string = file:///Users/if65/Library/Application%20Support/4D/Licenses/Escape/, encoding = 134217984, base = (null)}
2020-07-02 11:10:15 INF:  Directory exists: <CFURL 0x6000023577e0 [0x7fffabcb08e0]>{string = file:///Users/if65/Library/Application%20Support/4D/Licenses/Escape/, encoding = 134217984, base = (null)}
2020-07-02 11:10:15 INF:  External key file path: /Users/if65/Library/Application Support/4D/Licenses/Escape/PFood.QLC
2020-07-02 11:10:15 ERR:  ReadFromFile -43
2020-07-02 11:10:15 INF:  Ext key count: 0
2020-07-02 11:28:59 INF:  * RTShutdown *
2020-07-06 16:32:07 INF:  =====================================
2020-07-06 16:32:07 INF:  * RTStartup *
2020-07-06 16:32:07 INF:  -------------------------------------
2020-07-06 16:32:07 INF:  QLM 1.2.1 M
2020-07-06 16:32:07 INF:  appType4thDimension:0x1700, interpreted
2020-07-06 16:32:07 INF:  -------------------------------------
2020-07-06 16:32:07 INF:  RTLoadStructKeys
2020-07-06 16:32:07 INF:  IOLoadStructureKeys
2020-07-06 16:32:07 ERR:  Get4DRes -192
2020-07-06 16:32:07 INF:  Struct key count: 0
2020-07-06 16:32:07 INF:  -------------------------------------
2020-07-06 16:32:07 INF:  RTLoadExtKeys
2020-07-06 16:32:07 INF:  IOLoadExternalKey
2020-07-06 16:32:07 INF:  Checking existense of directory: <CFURL 0x600002b9f360 [0x7fffabcb08e0]>{string = file:///Users/if65/Library/Application%20Support/4D/Licenses/Escape/, encoding = 134217984, base = (null)}
2020-07-06 16:32:07 INF:  Path exists: <CFURL 0x600002b9f360 [0x7fffabcb08e0]>{string = file:///Users/if65/Library/Application%20Support/4D/Licenses/Escape/, encoding = 134217984, base = (null)}
2020-07-06 16:32:07 INF:  Directory exists: <CFURL 0x600002b9f360 [0x7fffabcb08e0]>{string = file:///Users/if65/Library/Application%20Support/4D/Licenses/Escape/, encoding = 134217984, base = (null)}
2020-07-06 16:32:07 INF:  External key file path: /Users/if65/Library/Application Support/4D/Licenses/Escape/PFood.QLC
2020-07-06 16:32:07 ERR:  ReadFromFile -43
2020-07-06 16:32:07 INF:  Ext key count: 0
2020-07-06 16:56:56 INF:  * RTShutdown *
2020-07-07 06:22:37 INF:  =====================================
2020-07-07 06:22:37 INF:  * RTStartup *
2020-07-07 06:22:37 INF:  -------------------------------------
2020-07-07 06:22:37 INF:  QLM 1.2.1 M
2020-07-07 06:22:37 INF:  appType4thDimension:0x1700, interpreted
2020-07-07 06:22:37 INF:  -------------------------------------
2020-07-07 06:22:37 INF:  RTLoadStructKeys
2020-07-07 06:22:37 INF:  IOLoadStructureKeys
2020-07-07 06:22:37 ERR:  Get4DRes -192
2020-07-07 06:22:37 INF:  Struct key count: 0
2020-07-07 06:22:37 INF:  -------------------------------------
2020-07-07 06:22:37 INF:  RTLoadExtKeys
2020-07-07 06:22:37 INF:  IOLoadExternalKey
2020-07-07 06:22:37 INF:  Checking existense of directory: <CFURL 0x600001618c00 [0x7fffabcb08e0]>{string = file:///Users/if65/Library/Application%20Support/4D/Licenses/Escape/, encoding = 134217984, base = (null)}
2020-07-07 06:22:37 INF:  Path exists: <CFURL 0x600001618c00 [0x7fffabcb08e0]>{string = file:///Users/if65/Library/Application%20Support/4D/Licenses/Escape/, encoding = 134217984, base = (null)}
2020-07-07 06:22:37 INF:  Directory exists: <CFURL 0x600001618c00 [0x7fffabcb08e0]>{string = file:///Users/if65/Library/Application%20Support/4D/Licenses/Escape/, encoding = 134217984, base = (null)}
2020-07-07 06:22:37 INF:  External key file path: /Users/if65/Library/Application Support/4D/Licenses/Escape/PFood.QLC
2020-07-07 06:22:37 ERR:  ReadFromFile -43
2020-07-07 06:22:37 INF:  Ext key count: 0
2020-07-07 06:24:18 INF:  * RTShutdown *
2020-07-08 08:32:00 INF:  =====================================
2020-07-08 08:32:00 INF:  * RTStartup *
2020-07-08 08:32:00 INF:  -------------------------------------
2020-07-08 08:32:00 INF:  QLM 1.2.1 M
2020-07-08 08:32:00 INF:  appType4thDimension:0x1700, interpreted
2020-07-08 08:32:00 INF:  -------------------------------------
2020-07-08 08:32:00 INF:  RTLoadStructKeys
2020-07-08 08:32:00 INF:  IOLoadStructureKeys
2020-07-08 08:32:00 ERR:  Get4DRes -192
2020-07-08 08:32:00 INF:  Struct key count: 0
2020-07-08 08:32:00 INF:  -------------------------------------
2020-07-08 08:32:00 INF:  RTLoadExtKeys
2020-07-08 08:32:00 INF:  IOLoadExternalKey
2020-07-08 08:32:00 INF:  Checking existense of directory: <CFURL 0x60000219e0a0 [0x7fffabcb08e0]>{string = file:///Users/if65/Library/Application%20Support/4D/Licenses/Escape/, encoding = 134217984, base = (null)}
2020-07-08 08:32:00 INF:  Path exists: <CFURL 0x60000219e0a0 [0x7fffabcb08e0]>{string = file:///Users/if65/Library/Application%20Support/4D/Licenses/Escape/, encoding = 134217984, base = (null)}
2020-07-08 08:32:00 INF:  Directory exists: <CFURL 0x60000219e0a0 [0x7fffabcb08e0]>{string = file:///Users/if65/Library/Application%20Support/4D/Licenses/Escape/, encoding = 134217984, base = (null)}
2020-07-08 08:32:00 INF:  External key file path: /Users/if65/Library/Application Support/4D/Licenses/Escape/PFood.QLC
2020-07-08 08:32:00 ERR:  ReadFromFile -43
2020-07-08 08:32:00 INF:  Ext key count: 0
2020-07-08 09:09:23 INF:  * RTShutdown *
2020-07-08 09:24:00 INF:  =====================================
2020-07-08 09:24:00 INF:  * RTStartup *
2020-07-08 09:24:00 INF:  -------------------------------------
2020-07-08 09:24:00 INF:  QLM 1.2.1 M
2020-07-08 09:24:00 INF:  appType4thDimension:0x1700, interpreted
2020-07-08 09:24:00 INF:  -------------------------------------
2020-07-08 09:24:00 INF:  RTLoadStructKeys
2020-07-08 09:24:00 INF:  IOLoadStructureKeys
2020-07-08 09:24:00 ERR:  Get4DRes -192
2020-07-08 09:24:00 INF:  Struct key count: 0
2020-07-08 09:24:00 INF:  -------------------------------------
2020-07-08 09:24:00 INF:  RTLoadExtKeys
2020-07-08 09:24:00 INF:  IOLoadExternalKey
2020-07-08 09:24:00 INF:  Checking existense of directory: <CFURL 0x600000f530c0 [0x7fffabcb08e0]>{string = file:///Users/if65/Library/Application%20Support/4D/Licenses/Escape/, encoding = 134217984, base = (null)}
2020-07-08 09:24:00 INF:  Path exists: <CFURL 0x600000f530c0 [0x7fffabcb08e0]>{string = file:///Users/if65/Library/Application%20Support/4D/Licenses/Escape/, encoding = 134217984, base = (null)}
2020-07-08 09:24:00 INF:  Directory exists: <CFURL 0x600000f530c0 [0x7fffabcb08e0]>{string = file:///Users/if65/Library/Application%20Support/4D/Licenses/Escape/, encoding = 134217984, base = (null)}
2020-07-08 09:24:00 INF:  External key file path: /Users/if65/Library/Application Support/4D/Licenses/Escape/PFood.QLC
2020-07-08 09:24:00 ERR:  ReadFromFile -43
2020-07-08 09:24:00 INF:  Ext key count: 0
2020-07-08 10:07:23 INF:  * RTShutdown *
2020-07-08 15:44:42 INF:  =====================================
2020-07-08 15:44:42 INF:  * RTStartup *
2020-07-08 15:44:42 INF:  -------------------------------------
2020-07-08 15:44:42 INF:  QLM 1.2.1 M
2020-07-08 15:44:42 INF:  appType4thDimension:0x1700, interpreted
2020-07-08 15:44:42 INF:  -------------------------------------
2020-07-08 15:44:42 INF:  RTLoadStructKeys
2020-07-08 15:44:42 INF:  IOLoadStructureKeys
2020-07-08 15:44:42 ERR:  Get4DRes -192
2020-07-08 15:44:42 INF:  Struct key count: 0
2020-07-08 15:44:42 INF:  -------------------------------------
2020-07-08 15:44:42 INF:  RTLoadExtKeys
2020-07-08 15:44:42 INF:  IOLoadExternalKey
2020-07-08 15:44:42 INF:  Checking existense of directory: <CFURL 0x60000347e940 [0x7fffabcb08e0]>{string = file:///Users/if65/Library/Application%20Support/4D/Licenses/Escape/, encoding = 134217984, base = (null)}
2020-07-08 15:44:42 INF:  Path exists: <CFURL 0x60000347e940 [0x7fffabcb08e0]>{string = file:///Users/if65/Library/Application%20Support/4D/Licenses/Escape/, encoding = 134217984, base = (null)}
2020-07-08 15:44:42 INF:  Directory exists: <CFURL 0x60000347e940 [0x7fffabcb08e0]>{string = file:///Users/if65/Library/Application%20Support/4D/Licenses/Escape/, encoding = 134217984, base = (null)}
2020-07-08 15:44:42 INF:  External key file path: /Users/if65/Library/Application Support/4D/Licenses/Escape/PFood.QLC
2020-07-08 15:44:42 ERR:  ReadFromFile -43
2020-07-08 15:44:42 INF:  Ext key count: 0
2020-07-08 16:24:40 INF:  * RTShutdown *
2020-07-08 16:26:08 INF:  =====================================
2020-07-08 16:26:08 INF:  * RTStartup *
2020-07-08 16:26:08 INF:  -------------------------------------
2020-07-08 16:26:08 INF:  QLM 1.2.1 M
2020-07-08 16:26:08 INF:  appType4thDimension:0x1700, interpreted
2020-07-08 16:26:08 INF:  -------------------------------------
2020-07-08 16:26:08 INF:  RTLoadStructKeys
2020-07-08 16:26:08 INF:  IOLoadStructureKeys
2020-07-08 16:26:08 ERR:  Get4DRes -192
2020-07-08 16:26:08 INF:  Struct key count: 0
2020-07-08 16:26:08 INF:  -------------------------------------
2020-07-08 16:26:08 INF:  RTLoadExtKeys
2020-07-08 16:26:08 INF:  IOLoadExternalKey
2020-07-08 16:26:08 INF:  Checking existense of directory: <CFURL 0x600002691fe0 [0x7fffabcb08e0]>{string = file:///Users/if65/Library/Application%20Support/4D/Licenses/Escape/, encoding = 134217984, base = (null)}
2020-07-08 16:26:08 INF:  Path exists: <CFURL 0x600002691fe0 [0x7fffabcb08e0]>{string = file:///Users/if65/Library/Application%20Support/4D/Licenses/Escape/, encoding = 134217984, base = (null)}
2020-07-08 16:26:08 INF:  Directory exists: <CFURL 0x600002691fe0 [0x7fffabcb08e0]>{string = file:///Users/if65/Library/Application%20Support/4D/Licenses/Escape/, encoding = 134217984, base = (null)}
2020-07-08 16:26:08 INF:  External key file path: /Users/if65/Library/Application Support/4D/Licenses/Escape/PFood.QLC
2020-07-08 16:26:08 ERR:  ReadFromFile -43
2020-07-08 16:26:08 INF:  Ext key count: 0
2020-07-08 16:28:37 INF:  * RTShutdown *
2020-07-08 17:02:45 INF:  =====================================
2020-07-08 17:02:45 INF:  * RTStartup *
2020-07-08 17:02:45 INF:  -------------------------------------
2020-07-08 17:02:45 INF:  QLM 1.2.1 M
2020-07-08 17:02:45 INF:  appType4thDimension:0x1700, interpreted
2020-07-08 17:02:45 INF:  -------------------------------------
2020-07-08 17:02:45 INF:  RTLoadStructKeys
2020-07-08 17:02:45 INF:  IOLoadStructureKeys
2020-07-08 17:02:45 ERR:  Get4DRes -192
2020-07-08 17:02:45 INF:  Struct key count: 0
2020-07-08 17:02:45 INF:  -------------------------------------
2020-07-08 17:02:45 INF:  RTLoadExtKeys
2020-07-08 17:02:45 INF:  IOLoadExternalKey
2020-07-08 17:02:45 INF:  Checking existense of directory: <CFURL 0x600001ff9fe0 [0x7fffabcb08e0]>{string = file:///Users/if65/Library/Application%20Support/4D/Licenses/Escape/, encoding = 134217984, base = (null)}
2020-07-08 17:02:45 INF:  Path exists: <CFURL 0x600001ff9fe0 [0x7fffabcb08e0]>{string = file:///Users/if65/Library/Application%20Support/4D/Licenses/Escape/, encoding = 134217984, base = (null)}
2020-07-08 17:02:45 INF:  Directory exists: <CFURL 0x600001ff9fe0 [0x7fffabcb08e0]>{string = file:///Users/if65/Library/Application%20Support/4D/Licenses/Escape/, encoding = 134217984, base = (null)}
2020-07-08 17:02:45 INF:  External key file path: /Users/if65/Library/Application Support/4D/Licenses/Escape/PFood.QLC
2020-07-08 17:02:45 ERR:  ReadFromFile -43
2020-07-08 17:02:45 INF:  Ext key count: 0
2020-07-08 17:12:10 INF:  * RTShutdown *
2020-07-09 08:05:28 INF:  =====================================
2020-07-09 08:05:28 INF:  * RTStartup *
2020-07-09 08:05:28 INF:  -------------------------------------
2020-07-09 08:05:28 INF:  QLM 1.2.1 M
2020-07-09 08:05:28 INF:  appType4thDimension:0x1700, interpreted
2020-07-09 08:05:28 INF:  -------------------------------------
2020-07-09 08:05:28 INF:  RTLoadStructKeys
2020-07-09 08:05:28 INF:  IOLoadStructureKeys
2020-07-09 08:05:28 ERR:  Get4DRes -192
2020-07-09 08:05:28 INF:  Struct key count: 0
2020-07-09 08:05:28 INF:  -------------------------------------
2020-07-09 08:05:28 INF:  RTLoadExtKeys
2020-07-09 08:05:28 INF:  IOLoadExternalKey
2020-07-09 08:05:28 INF:  Checking existense of directory: <CFURL 0x600003cde340 [0x7fffabcb08e0]>{string = file:///Users/if65/Library/Application%20Support/4D/Licenses/Escape/, encoding = 134217984, base = (null)}
2020-07-09 08:05:28 INF:  Path exists: <CFURL 0x600003cde340 [0x7fffabcb08e0]>{string = file:///Users/if65/Library/Application%20Support/4D/Licenses/Escape/, encoding = 134217984, base = (null)}
2020-07-09 08:05:28 INF:  Directory exists: <CFURL 0x600003cde340 [0x7fffabcb08e0]>{string = file:///Users/if65/Library/Application%20Support/4D/Licenses/Escape/, encoding = 134217984, base = (null)}
2020-07-09 08:05:28 INF:  External key file path: /Users/if65/Library/Application Support/4D/Licenses/Escape/PFood.QLC
2020-07-09 08:05:28 ERR:  ReadFromFile -43
2020-07-09 08:05:28 INF:  Ext key count: 0
2020-07-09 08:34:32 INF:  * RTShutdown *
2020-07-09 08:35:47 INF:  =====================================
2020-07-09 08:35:47 INF:  * RTStartup *
2020-07-09 08:35:47 INF:  -------------------------------------
2020-07-09 08:35:47 INF:  QLM 1.2.1 M
2020-07-09 08:35:47 INF:  appType4thDimension:0x1700, interpreted
2020-07-09 08:35:47 INF:  -------------------------------------
2020-07-09 08:35:47 INF:  RTLoadStructKeys
2020-07-09 08:35:47 INF:  IOLoadStructureKeys
2020-07-09 08:35:47 ERR:  Get4DRes -192
2020-07-09 08:35:47 INF:  Struct key count: 0
2020-07-09 08:35:47 INF:  -------------------------------------
2020-07-09 08:35:47 INF:  RTLoadExtKeys
2020-07-09 08:35:47 INF:  IOLoadExternalKey
2020-07-09 08:35:47 INF:  Checking existense of directory: <CFURL 0x6000009890e0 [0x7fffabcb08e0]>{string = file:///Users/if65/Library/Application%20Support/4D/Licenses/Escape/, encoding = 134217984, base = (null)}
2020-07-09 08:35:47 INF:  Path exists: <CFURL 0x6000009890e0 [0x7fffabcb08e0]>{string = file:///Users/if65/Library/Application%20Support/4D/Licenses/Escape/, encoding = 134217984, base = (null)}
2020-07-09 08:35:47 INF:  Directory exists: <CFURL 0x6000009890e0 [0x7fffabcb08e0]>{string = file:///Users/if65/Library/Application%20Support/4D/Licenses/Escape/, encoding = 134217984, base = (null)}
2020-07-09 08:35:47 INF:  External key file path: /Users/if65/Library/Application Support/4D/Licenses/Escape/PFood.QLC
2020-07-09 08:35:47 ERR:  ReadFromFile -43
2020-07-09 08:35:47 INF:  Ext key count: 0
2020-07-09 08:35:53 INF:  * RTShutdown *
2020-07-10 11:39:44 INF:  =====================================
2020-07-10 11:39:44 INF:  * RTStartup *
2020-07-10 11:39:44 INF:  -------------------------------------
2020-07-10 11:39:44 INF:  QLM 1.2.1 M
2020-07-10 11:39:44 INF:  appType4thDimension:0x1700, interpreted
2020-07-10 11:39:44 INF:  -------------------------------------
2020-07-10 11:39:44 INF:  RTLoadStructKeys
2020-07-10 11:39:44 INF:  IOLoadStructureKeys
2020-07-10 11:39:44 ERR:  Get4DRes -192
2020-07-10 11:39:44 INF:  Struct key count: 0
2020-07-10 11:39:44 INF:  -------------------------------------
2020-07-10 11:39:44 INF:  RTLoadExtKeys
2020-07-10 11:39:44 INF:  IOLoadExternalKey
2020-07-10 11:39:44 INF:  Checking existense of directory: <CFURL 0x6000005aa580 [0x7fffabcb08e0]>{string = file:///Users/if65/Library/Application%20Support/4D/Licenses/Escape/, encoding = 134217984, base = (null)}
2020-07-10 11:39:44 INF:  Path exists: <CFURL 0x6000005aa580 [0x7fffabcb08e0]>{string = file:///Users/if65/Library/Application%20Support/4D/Licenses/Escape/, encoding = 134217984, base = (null)}
2020-07-10 11:39:44 INF:  Directory exists: <CFURL 0x6000005aa580 [0x7fffabcb08e0]>{string = file:///Users/if65/Library/Application%20Support/4D/Licenses/Escape/, encoding = 134217984, base = (null)}
2020-07-10 11:39:44 INF:  External key file path: /Users/if65/Library/Application Support/4D/Licenses/Escape/PFood.QLC
2020-07-10 11:39:44 ERR:  ReadFromFile -43
2020-07-10 11:39:44 INF:  Ext key count: 0
2020-07-10 14:55:11 INF:  * RTShutdown *
2020-07-11 08:51:09 INF:  =====================================
2020-07-11 08:51:09 INF:  * RTStartup *
2020-07-11 08:51:09 INF:  -------------------------------------
2020-07-11 08:51:09 INF:  QLM 1.2.1 M
2020-07-11 08:51:09 INF:  appType4thDimension:0x1700, interpreted
2020-07-11 08:51:09 INF:  -------------------------------------
2020-07-11 08:51:09 INF:  RTLoadStructKeys
2020-07-11 08:51:09 INF:  IOLoadStructureKeys
2020-07-11 08:51:09 ERR:  Get4DRes -192
2020-07-11 08:51:09 INF:  Struct key count: 0
2020-07-11 08:51:09 INF:  -------------------------------------
2020-07-11 08:51:09 INF:  RTLoadExtKeys
2020-07-11 08:51:09 INF:  IOLoadExternalKey
2020-07-11 08:51:09 INF:  Checking existense of directory: <CFURL 0x60000254ca20 [0x7fffabcb08e0]>{string = file:///Users/if65/Library/Application%20Support/4D/Licenses/Escape/, encoding = 134217984, base = (null)}
2020-07-11 08:51:09 INF:  Path exists: <CFURL 0x60000254ca20 [0x7fffabcb08e0]>{string = file:///Users/if65/Library/Application%20Support/4D/Licenses/Escape/, encoding = 134217984, base = (null)}
2020-07-11 08:51:09 INF:  Directory exists: <CFURL 0x60000254ca20 [0x7fffabcb08e0]>{string = file:///Users/if65/Library/Application%20Support/4D/Licenses/Escape/, encoding = 134217984, base = (null)}
2020-07-11 08:51:09 INF:  External key file path: /Users/if65/Library/Application Support/4D/Licenses/Escape/PFood.QLC
2020-07-11 08:51:09 ERR:  ReadFromFile -43
2020-07-11 08:51:09 INF:  Ext key count: 0
2020-07-11 09:08:48 INF:  * RTShutdown *
2020-07-11 15:38:36 INF:  =====================================
2020-07-11 15:38:36 INF:  * RTStartup *
2020-07-11 15:38:36 INF:  -------------------------------------
2020-07-11 15:38:36 INF:  QLM 1.2.1 M
2020-07-11 15:38:36 INF:  appType4thDimension:0x1700, interpreted
2020-07-11 15:38:36 INF:  -------------------------------------
2020-07-11 15:38:36 INF:  RTLoadStructKeys
2020-07-11 15:38:36 INF:  IOLoadStructureKeys
2020-07-11 15:38:36 ERR:  Get4DRes -192
2020-07-11 15:38:36 INF:  Struct key count: 0
2020-07-11 15:38:36 INF:  -------------------------------------
2020-07-11 15:38:36 INF:  RTLoadExtKeys
2020-07-11 15:38:36 INF:  IOLoadExternalKey
2020-07-11 15:38:36 INF:  Checking existense of directory: <CFURL 0x60000269f540 [0x7fffabcb08e0]>{string = file:///Users/if65/Library/Application%20Support/4D/Licenses/Escape/, encoding = 134217984, base = (null)}
2020-07-11 15:38:36 INF:  Path exists: <CFURL 0x60000269f540 [0x7fffabcb08e0]>{string = file:///Users/if65/Library/Application%20Support/4D/Licenses/Escape/, encoding = 134217984, base = (null)}
2020-07-11 15:38:36 INF:  Directory exists: <CFURL 0x60000269f540 [0x7fffabcb08e0]>{string = file:///Users/if65/Library/Application%20Support/4D/Licenses/Escape/, encoding = 134217984, base = (null)}
2020-07-11 15:38:36 INF:  External key file path: /Users/if65/Library/Application Support/4D/Licenses/Escape/PFood.QLC
2020-07-11 15:38:36 ERR:  ReadFromFile -43
2020-07-11 15:38:36 INF:  Ext key count: 0
2020-07-11 17:01:55 INF:  * RTShutdown *
2020-07-13 07:55:07 INF:  =====================================
2020-07-13 07:55:07 INF:  * RTStartup *
2020-07-13 07:55:07 INF:  -------------------------------------
2020-07-13 07:55:07 INF:  QLM 1.2.1 M
2020-07-13 07:55:07 INF:  appType4thDimension:0x1700, interpreted
2020-07-13 07:55:07 INF:  -------------------------------------
2020-07-13 07:55:07 INF:  RTLoadStructKeys
2020-07-13 07:55:07 INF:  IOLoadStructureKeys
2020-07-13 07:55:07 ERR:  Get4DRes -192
2020-07-13 07:55:07 INF:  Struct key count: 0
2020-07-13 07:55:07 INF:  -------------------------------------
2020-07-13 07:55:07 INF:  RTLoadExtKeys
2020-07-13 07:55:07 INF:  IOLoadExternalKey
2020-07-13 07:55:07 INF:  Checking existense of directory: <CFURL 0x6000019cbea0 [0x7fffabcb08e0]>{string = file:///Users/if65/Library/Application%20Support/4D/Licenses/Escape/, encoding = 134217984, base = (null)}
2020-07-13 07:55:07 INF:  Path exists: <CFURL 0x6000019cbea0 [0x7fffabcb08e0]>{string = file:///Users/if65/Library/Application%20Support/4D/Licenses/Escape/, encoding = 134217984, base = (null)}
2020-07-13 07:55:07 INF:  Directory exists: <CFURL 0x6000019cbea0 [0x7fffabcb08e0]>{string = file:///Users/if65/Library/Application%20Support/4D/Licenses/Escape/, encoding = 134217984, base = (null)}
2020-07-13 07:55:07 INF:  External key file path: /Users/if65/Library/Application Support/4D/Licenses/Escape/PFood.QLC
2020-07-13 07:55:07 ERR:  ReadFromFile -43
2020-07-13 07:55:07 INF:  Ext key count: 0
2020-07-13 08:25:12 INF:  * RTShutdown *
2020-07-13 09:19:30 INF:  =====================================
2020-07-13 09:19:30 INF:  * RTStartup *
2020-07-13 09:19:30 INF:  -------------------------------------
2020-07-13 09:19:30 INF:  QLM 1.2.1 M
2020-07-13 09:19:30 INF:  appType4thDimension:0x1700, interpreted
2020-07-13 09:19:30 INF:  -------------------------------------
2020-07-13 09:19:30 INF:  RTLoadStructKeys
2020-07-13 09:19:30 INF:  IOLoadStructureKeys
2020-07-13 09:19:30 ERR:  Get4DRes -192
2020-07-13 09:19:30 INF:  Struct key count: 0
2020-07-13 09:19:30 INF:  -------------------------------------
2020-07-13 09:19:30 INF:  RTLoadExtKeys
2020-07-13 09:19:30 INF:  IOLoadExternalKey
2020-07-13 09:19:30 INF:  Checking existense of directory: <CFURL 0x600003eaa700 [0x7fffabcb08e0]>{string = file:///Users/if65/Library/Application%20Support/4D/Licenses/Escape/, encoding = 134217984, base = (null)}
2020-07-13 09:19:30 INF:  Path exists: <CFURL 0x600003eaa700 [0x7fffabcb08e0]>{string = file:///Users/if65/Library/Application%20Support/4D/Licenses/Escape/, encoding = 134217984, base = (null)}
2020-07-13 09:19:30 INF:  Directory exists: <CFURL 0x600003eaa700 [0x7fffabcb08e0]>{string = file:///Users/if65/Library/Application%20Support/4D/Licenses/Escape/, encoding = 134217984, base = (null)}
2020-07-13 09:19:30 INF:  External key file path: /Users/if65/Library/Application Support/4D/Licenses/Escape/PFood.QLC
2020-07-13 09:19:30 ERR:  ReadFromFile -43
2020-07-13 09:19:30 INF:  Ext key count: 0
2020-07-13 09:24:26 INF:  * RTShutdown *
2020-07-15 08:10:12 INF:  =====================================
2020-07-15 08:10:12 INF:  * RTStartup *
2020-07-15 08:10:12 INF:  -------------------------------------
2020-07-15 08:10:12 INF:  QLM 1.2.1 M
2020-07-15 08:10:12 INF:  appType4thDimension:0x1700, interpreted
2020-07-15 08:10:12 INF:  -------------------------------------
2020-07-15 08:10:12 INF:  RTLoadStructKeys
2020-07-15 08:10:12 INF:  IOLoadStructureKeys
2020-07-15 08:10:12 ERR:  Get4DRes -192
2020-07-15 08:10:12 INF:  Struct key count: 0
2020-07-15 08:10:12 INF:  -------------------------------------
2020-07-15 08:10:12 INF:  RTLoadExtKeys
2020-07-15 08:10:12 INF:  IOLoadExternalKey
2020-07-15 08:10:12 INF:  Checking existense of directory: <CFURL 0x6000038d2520 [0x7fffabcb08e0]>{string = file:///Users/if65/Library/Application%20Support/4D/Licenses/Escape/, encoding = 134217984, base = (null)}
2020-07-15 08:10:12 INF:  Path exists: <CFURL 0x6000038d2520 [0x7fffabcb08e0]>{string = file:///Users/if65/Library/Application%20Support/4D/Licenses/Escape/, encoding = 134217984, base = (null)}
2020-07-15 08:10:12 INF:  Directory exists: <CFURL 0x6000038d2520 [0x7fffabcb08e0]>{string = file:///Users/if65/Library/Application%20Support/4D/Licenses/Escape/, encoding = 134217984, base = (null)}
2020-07-15 08:10:12 INF:  External key file path: /Users/if65/Library/Application Support/4D/Licenses/Escape/PFood.QLC
2020-07-15 08:10:12 ERR:  ReadFromFile -43
2020-07-15 08:10:12 INF:  Ext key count: 0
2020-07-15 08:21:32 INF:  * RTShutdown *
2020-07-16 17:10:15 INF:  =====================================
2020-07-16 17:10:15 INF:  * RTStartup *
2020-07-16 17:10:15 INF:  -------------------------------------
2020-07-16 17:10:15 INF:  QLM 1.2.1 M
2020-07-16 17:10:15 INF:  appType4thDimension:0x1700, interpreted
2020-07-16 17:10:15 INF:  -------------------------------------
2020-07-16 17:10:15 INF:  RTLoadStructKeys
2020-07-16 17:10:15 INF:  IOLoadStructureKeys
2020-07-16 17:10:15 ERR:  Get4DRes -192
2020-07-16 17:10:15 INF:  Struct key count: 0
2020-07-16 17:10:15 INF:  -------------------------------------
2020-07-16 17:10:15 INF:  RTLoadExtKeys
2020-07-16 17:10:15 INF:  IOLoadExternalKey
2020-07-16 17:10:15 INF:  Checking existense of directory: <CFURL 0x600000232400 [0x7fffabcb08e0]>{string = file:///Users/if65/Library/Application%20Support/4D/Licenses/Escape/, encoding = 134217984, base = (null)}
2020-07-16 17:10:15 INF:  Path exists: <CFURL 0x600000232400 [0x7fffabcb08e0]>{string = file:///Users/if65/Library/Application%20Support/4D/Licenses/Escape/, encoding = 134217984, base = (null)}
2020-07-16 17:10:15 INF:  Directory exists: <CFURL 0x600000232400 [0x7fffabcb08e0]>{string = file:///Users/if65/Library/Application%20Support/4D/Licenses/Escape/, encoding = 134217984, base = (null)}
2020-07-16 17:10:15 INF:  External key file path: /Users/if65/Library/Application Support/4D/Licenses/Escape/PFood.QLC
2020-07-16 17:10:15 ERR:  ReadFromFile -43
2020-07-16 17:10:15 INF:  Ext key count: 0
2020-07-17 07:16:28 INF:  * RTShutdown *
2020-07-17 07:33:30 INF:  =====================================
2020-07-17 07:33:30 INF:  * RTStartup *
2020-07-17 07:33:30 INF:  -------------------------------------
2020-07-17 07:33:30 INF:  QLM 1.2.1 M
2020-07-17 07:33:30 INF:  appType4thDimension:0x1700, interpreted
2020-07-17 07:33:30 INF:  -------------------------------------
2020-07-17 07:33:30 INF:  RTLoadStructKeys
2020-07-17 07:33:30 INF:  IOLoadStructureKeys
2020-07-17 07:33:30 ERR:  Get4DRes -192
2020-07-17 07:33:30 INF:  Struct key count: 0
2020-07-17 07:33:30 INF:  -------------------------------------
2020-07-17 07:33:30 INF:  RTLoadExtKeys
2020-07-17 07:33:30 INF:  IOLoadExternalKey
2020-07-17 07:33:30 INF:  Checking existense of directory: <CFURL 0x600000ea04e0 [0x7fffabcb08e0]>{string = file:///Users/if65/Library/Application%20Support/4D/Licenses/Escape/, encoding = 134217984, base = (null)}
2020-07-17 07:33:30 INF:  Path exists: <CFURL 0x600000ea04e0 [0x7fffabcb08e0]>{string = file:///Users/if65/Library/Application%20Support/4D/Licenses/Escape/, encoding = 134217984, base = (null)}
2020-07-17 07:33:30 INF:  Directory exists: <CFURL 0x600000ea04e0 [0x7fffabcb08e0]>{string = file:///Users/if65/Library/Application%20Support/4D/Licenses/Escape/, encoding = 134217984, base = (null)}
2020-07-17 07:33:30 INF:  External key file path: /Users/if65/Library/Application Support/4D/Licenses/Escape/PFood.QLC
2020-07-17 07:33:30 ERR:  ReadFromFile -43
2020-07-17 07:33:30 INF:  Ext key count: 0
2020-07-17 07:39:51 INF:  * RTShutdown *
2020-07-17 08:56:50 INF:  =====================================
2020-07-17 08:56:50 INF:  * RTStartup *
2020-07-17 08:56:50 INF:  -------------------------------------
2020-07-17 08:56:50 INF:  QLM 1.2.1 M
2020-07-17 08:56:50 INF:  appType4thDimension:0x1700, interpreted
2020-07-17 08:56:50 INF:  -------------------------------------
2020-07-17 08:56:50 INF:  RTLoadStructKeys
2020-07-17 08:56:50 INF:  IOLoadStructureKeys
2020-07-17 08:56:50 ERR:  Get4DRes -192
2020-07-17 08:56:50 INF:  Struct key count: 0
2020-07-17 08:56:50 INF:  -------------------------------------
2020-07-17 08:56:50 INF:  RTLoadExtKeys
2020-07-17 08:56:50 INF:  IOLoadExternalKey
2020-07-17 08:56:50 INF:  Checking existense of directory: <CFURL 0x600002a36f40 [0x7fffabcb08e0]>{string = file:///Users/if65/Library/Application%20Support/4D/Licenses/Escape/, encoding = 134217984, base = (null)}
2020-07-17 08:56:50 INF:  Path exists: <CFURL 0x600002a36f40 [0x7fffabcb08e0]>{string = file:///Users/if65/Library/Application%20Support/4D/Licenses/Escape/, encoding = 134217984, base = (null)}
2020-07-17 08:56:50 INF:  Directory exists: <CFURL 0x600002a36f40 [0x7fffabcb08e0]>{string = file:///Users/if65/Library/Application%20Support/4D/Licenses/Escape/, encoding = 134217984, base = (null)}
2020-07-17 08:56:50 INF:  External key file path: /Users/if65/Library/Application Support/4D/Licenses/Escape/PFood.QLC
2020-07-17 08:56:50 ERR:  ReadFromFile -43
2020-07-17 08:56:50 INF:  Ext key count: 0
2020-07-17 09:06:35 INF:  * RTShutdown *
2020-07-18 10:41:29 INF:  =====================================
2020-07-18 10:41:29 INF:  * RTStartup *
2020-07-18 10:41:29 INF:  -------------------------------------
2020-07-18 10:41:29 INF:  QLM 1.2.1 M
2020-07-18 10:41:29 INF:  appType4thDimension:0x1700, interpreted
2020-07-18 10:41:29 INF:  -------------------------------------
2020-07-18 10:41:29 INF:  RTLoadStructKeys
2020-07-18 10:41:29 INF:  IOLoadStructureKeys
2020-07-18 10:41:29 ERR:  Get4DRes -192
2020-07-18 10:41:29 INF:  Struct key count: 0
2020-07-18 10:41:29 INF:  -------------------------------------
2020-07-18 10:41:29 INF:  RTLoadExtKeys
2020-07-18 10:41:29 INF:  IOLoadExternalKey
2020-07-18 10:41:29 INF:  Checking existense of directory: <CFURL 0x600003440720 [0x7fffab4e08e0]>{string = file:///Users/if65/Library/Application%20Support/4D/Licenses/Escape/, encoding = 134217984, base = (null)}
2020-07-18 10:41:29 INF:  Path exists: <CFURL 0x600003440720 [0x7fffab4e08e0]>{string = file:///Users/if65/Library/Application%20Support/4D/Licenses/Escape/, encoding = 134217984, base = (null)}
2020-07-18 10:41:29 INF:  Directory exists: <CFURL 0x600003440720 [0x7fffab4e08e0]>{string = file:///Users/if65/Library/Application%20Support/4D/Licenses/Escape/, encoding = 134217984, base = (null)}
2020-07-18 10:41:29 INF:  External key file path: /Users/if65/Library/Application Support/4D/Licenses/Escape/PFood.QLC
2020-07-18 10:41:29 ERR:  ReadFromFile -43
2020-07-18 10:41:29 INF:  Ext key count: 0
2020-07-19 07:31:55 INF:  * RTShutdown *
2020-07-20 08:28:32 INF:  =====================================
2020-07-20 08:28:32 INF:  * RTStartup *
2020-07-20 08:28:32 INF:  -------------------------------------
2020-07-20 08:28:32 INF:  QLM 1.2.1 M
2020-07-20 08:28:32 INF:  appType4thDimension:0x1700, interpreted
2020-07-20 08:28:32 INF:  -------------------------------------
2020-07-20 08:28:32 INF:  RTLoadStructKeys
2020-07-20 08:28:32 INF:  IOLoadStructureKeys
2020-07-20 08:28:32 ERR:  Get4DRes -192
2020-07-20 08:28:32 INF:  Struct key count: 0
2020-07-20 08:28:32 INF:  -------------------------------------
2020-07-20 08:28:32 INF:  RTLoadExtKeys
2020-07-20 08:28:32 INF:  IOLoadExternalKey
2020-07-20 08:28:32 INF:  Checking existense of directory: <CFURL 0x600000f4a520 [0x7fffab4e08e0]>{string = file:///Users/if65/Library/Application%20Support/4D/Licenses/Escape/, encoding = 134217984, base = (null)}
2020-07-20 08:28:32 INF:  Path exists: <CFURL 0x600000f4a520 [0x7fffab4e08e0]>{string = file:///Users/if65/Library/Application%20Support/4D/Licenses/Escape/, encoding = 134217984, base = (null)}
2020-07-20 08:28:32 INF:  Directory exists: <CFURL 0x600000f4a520 [0x7fffab4e08e0]>{string = file:///Users/if65/Library/Application%20Support/4D/Licenses/Escape/, encoding = 134217984, base = (null)}
2020-07-20 08:28:32 INF:  External key file path: /Users/if65/Library/Application Support/4D/Licenses/Escape/PFood.QLC
2020-07-20 08:28:32 ERR:  ReadFromFile -43
2020-07-20 08:28:32 INF:  Ext key count: 0
2020-07-20 09:15:45 INF:  * RTShutdown *
2020-07-20 09:28:51 INF:  =====================================
2020-07-20 09:28:51 INF:  * RTStartup *
2020-07-20 09:28:51 INF:  -------------------------------------
2020-07-20 09:28:51 INF:  QLM 1.2.1 M
2020-07-20 09:28:51 INF:  appType4thDimension:0x1700, interpreted
2020-07-20 09:28:51 INF:  -------------------------------------
2020-07-20 09:28:51 INF:  RTLoadStructKeys
2020-07-20 09:28:51 INF:  IOLoadStructureKeys
2020-07-20 09:28:51 ERR:  Get4DRes -192
2020-07-20 09:28:51 INF:  Struct key count: 0
2020-07-20 09:28:51 INF:  -------------------------------------
2020-07-20 09:28:51 INF:  RTLoadExtKeys
2020-07-20 09:28:51 INF:  IOLoadExternalKey
2020-07-20 09:28:51 INF:  Checking existense of directory: <CFURL 0x6000013834e0 [0x7fffab4e08e0]>{string = file:///Users/if65/Library/Application%20Support/4D/Licenses/Escape/, encoding = 134217984, base = (null)}
2020-07-20 09:28:51 INF:  Path exists: <CFURL 0x6000013834e0 [0x7fffab4e08e0]>{string = file:///Users/if65/Library/Application%20Support/4D/Licenses/Escape/, encoding = 134217984, base = (null)}
2020-07-20 09:28:51 INF:  Directory exists: <CFURL 0x6000013834e0 [0x7fffab4e08e0]>{string = file:///Users/if65/Library/Application%20Support/4D/Licenses/Escape/, encoding = 134217984, base = (null)}
2020-07-20 09:28:51 INF:  External key file path: /Users/if65/Library/Application Support/4D/Licenses/Escape/PFood.QLC
2020-07-20 09:28:51 ERR:  ReadFromFile -43
2020-07-20 09:28:51 INF:  Ext key count: 0
2020-07-20 10:19:23 INF:  * RTShutdown *
2020-07-20 17:14:30 INF:  =====================================
2020-07-20 17:14:30 INF:  * RTStartup *
2020-07-20 17:14:30 INF:  -------------------------------------
2020-07-20 17:14:30 INF:  QLM 1.2.1 M
2020-07-20 17:14:30 INF:  appType4thDimension:0x1700, interpreted
2020-07-20 17:14:30 INF:  -------------------------------------
2020-07-20 17:14:30 INF:  RTLoadStructKeys
2020-07-20 17:14:30 INF:  IOLoadStructureKeys
2020-07-20 17:14:30 ERR:  Get4DRes -192
2020-07-20 17:14:30 INF:  Struct key count: 0
2020-07-20 17:14:30 INF:  -------------------------------------
2020-07-20 17:14:30 INF:  RTLoadExtKeys
2020-07-20 17:14:30 INF:  IOLoadExternalKey
2020-07-20 17:14:30 INF:  Checking existense of directory: <CFURL 0x600000c0bb40 [0x7fff9ed998e0]>{string = file:///Users/if65/Library/Application%20Support/4D/Licenses/Escape/, encoding = 134217984, base = (null)}
2020-07-20 17:14:30 INF:  Path exists: <CFURL 0x600000c0bb40 [0x7fff9ed998e0]>{string = file:///Users/if65/Library/Application%20Support/4D/Licenses/Escape/, encoding = 134217984, base = (null)}
2020-07-20 17:14:30 INF:  Directory exists: <CFURL 0x600000c0bb40 [0x7fff9ed998e0]>{string = file:///Users/if65/Library/Application%20Support/4D/Licenses/Escape/, encoding = 134217984, base = (null)}
2020-07-20 17:14:30 INF:  External key file path: /Users/if65/Library/Application Support/4D/Licenses/Escape/PFood.QLC
2020-07-20 17:14:30 ERR:  ReadFromFile -43
2020-07-20 17:14:30 INF:  Ext key count: 0
2020-07-20 18:09:26 INF:  * RTShutdown *
2020-07-21 05:23:00 INF:  =====================================
2020-07-21 05:23:00 INF:  * RTStartup *
2020-07-21 05:23:00 INF:  -------------------------------------
2020-07-21 05:23:00 INF:  QLM 1.2.1 M
2020-07-21 05:23:00 INF:  appType4thDimension:0x1700, interpreted
2020-07-21 05:23:00 INF:  -------------------------------------
2020-07-21 05:23:00 INF:  RTLoadStructKeys
2020-07-21 05:23:00 INF:  IOLoadStructureKeys
2020-07-21 05:23:00 ERR:  Get4DRes -192
2020-07-21 05:23:00 INF:  Struct key count: 0
2020-07-21 05:23:00 INF:  -------------------------------------
2020-07-21 05:23:00 INF:  RTLoadExtKeys
2020-07-21 05:23:00 INF:  IOLoadExternalKey
2020-07-21 05:23:00 INF:  Checking existense of directory: <CFURL 0x600000adbde0 [0x7fff9ed998e0]>{string = file:///Users/if65/Library/Application%20Support/4D/Licenses/Escape/, encoding = 134217984, base = (null)}
2020-07-21 05:23:00 INF:  Path exists: <CFURL 0x600000adbde0 [0x7fff9ed998e0]>{string = file:///Users/if65/Library/Application%20Support/4D/Licenses/Escape/, encoding = 134217984, base = (null)}
2020-07-21 05:23:00 INF:  Directory exists: <CFURL 0x600000adbde0 [0x7fff9ed998e0]>{string = file:///Users/if65/Library/Application%20Support/4D/Licenses/Escape/, encoding = 134217984, base = (null)}
2020-07-21 05:23:00 INF:  External key file path: /Users/if65/Library/Application Support/4D/Licenses/Escape/PFood.QLC
2020-07-21 05:23:00 ERR:  ReadFromFile -43
2020-07-21 05:23:00 INF:  Ext key count: 0
2020-07-21 09:08:18 INF:  * RTShutdown *
2020-07-21 14:44:50 INF:  =====================================
2020-07-21 14:44:50 INF:  * RTStartup *
2020-07-21 14:44:50 INF:  -------------------------------------
2020-07-21 14:44:50 INF:  QLM 1.2.1 M
2020-07-21 14:44:50 INF:  appType4thDimension:0x1700, interpreted
2020-07-21 14:44:50 INF:  -------------------------------------
2020-07-21 14:44:50 INF:  RTLoadStructKeys
2020-07-21 14:44:50 INF:  IOLoadStructureKeys
2020-07-21 14:44:50 ERR:  Get4DRes -192
2020-07-21 14:44:50 INF:  Struct key count: 0
2020-07-21 14:44:50 INF:  -------------------------------------
2020-07-21 14:44:50 INF:  RTLoadExtKeys
2020-07-21 14:44:50 INF:  IOLoadExternalKey
2020-07-21 14:44:50 INF:  Checking existense of directory: <CFURL 0x6000002b3f60 [0x7fff9ed998e0]>{string = file:///Users/if65/Library/Application%20Support/4D/Licenses/Escape/, encoding = 134217984, base = (null)}
2020-07-21 14:44:50 INF:  Path exists: <CFURL 0x6000002b3f60 [0x7fff9ed998e0]>{string = file:///Users/if65/Library/Application%20Support/4D/Licenses/Escape/, encoding = 134217984, base = (null)}
2020-07-21 14:44:50 INF:  Directory exists: <CFURL 0x6000002b3f60 [0x7fff9ed998e0]>{string = file:///Users/if65/Library/Application%20Support/4D/Licenses/Escape/, encoding = 134217984, base = (null)}
2020-07-21 14:44:50 INF:  External key file path: /Users/if65/Library/Application Support/4D/Licenses/Escape/PFood.QLC
2020-07-21 14:44:50 ERR:  ReadFromFile -43
2020-07-21 14:44:50 INF:  Ext key count: 0
2020-07-21 16:37:39 INF:  * RTShutdown *
2020-07-22 07:41:08 INF:  =====================================
2020-07-22 07:41:08 INF:  * RTStartup *
2020-07-22 07:41:08 INF:  -------------------------------------
2020-07-22 07:41:08 INF:  QLM 1.2.1 M
2020-07-22 07:41:08 INF:  appType4thDimension:0x1700, interpreted
2020-07-22 07:41:08 INF:  -------------------------------------
2020-07-22 07:41:08 INF:  RTLoadStructKeys
2020-07-22 07:41:08 INF:  IOLoadStructureKeys
2020-07-22 07:41:08 ERR:  Get4DRes -192
2020-07-22 07:41:08 INF:  Struct key count: 0
2020-07-22 07:41:08 INF:  -------------------------------------
2020-07-22 07:41:08 INF:  RTLoadExtKeys
2020-07-22 07:41:08 INF:  IOLoadExternalKey
2020-07-22 07:41:08 INF:  Checking existense of directory: <CFURL 0x60000249ad00 [0x7fff9ed998e0]>{string = file:///Users/if65/Library/Application%20Support/4D/Licenses/Escape/, encoding = 134217984, base = (null)}
2020-07-22 07:41:08 INF:  Path exists: <CFURL 0x60000249ad00 [0x7fff9ed998e0]>{string = file:///Users/if65/Library/Application%20Support/4D/Licenses/Escape/, encoding = 134217984, base = (null)}
2020-07-22 07:41:08 INF:  Directory exists: <CFURL 0x60000249ad00 [0x7fff9ed998e0]>{string = file:///Users/if65/Library/Application%20Support/4D/Licenses/Escape/, encoding = 134217984, base = (null)}
2020-07-22 07:41:08 INF:  External key file path: /Users/if65/Library/Application Support/4D/Licenses/Escape/PFood.QLC
2020-07-22 07:41:08 ERR:  ReadFromFile -43
2020-07-22 07:41:08 INF:  Ext key count: 0
2020-07-22 07:58:52 INF:  * RTShutdown *
2020-07-22 10:03:58 INF:  =====================================
2020-07-22 10:03:58 INF:  * RTStartup *
2020-07-22 10:03:58 INF:  -------------------------------------
2020-07-22 10:03:58 INF:  QLM 1.2.1 M
2020-07-22 10:03:58 INF:  appType4thDimension:0x1700, interpreted
2020-07-22 10:03:58 INF:  -------------------------------------
2020-07-22 10:03:58 INF:  RTLoadStructKeys
2020-07-22 10:03:58 INF:  IOLoadStructureKeys
2020-07-22 10:03:58 ERR:  Get4DRes -192
2020-07-22 10:03:58 INF:  Struct key count: 0
2020-07-22 10:03:58 INF:  -------------------------------------
2020-07-22 10:03:58 INF:  RTLoadExtKeys
2020-07-22 10:03:58 INF:  IOLoadExternalKey
2020-07-22 10:03:58 INF:  Checking existense of directory: <CFURL 0x600002cb8720 [0x7fff9ed998e0]>{string = file:///Users/if65/Library/Application%20Support/4D/Licenses/Escape/, encoding = 134217984, base = (null)}
2020-07-22 10:03:58 INF:  Path exists: <CFURL 0x600002cb8720 [0x7fff9ed998e0]>{string = file:///Users/if65/Library/Application%20Support/4D/Licenses/Escape/, encoding = 134217984, base = (null)}
2020-07-22 10:03:58 INF:  Directory exists: <CFURL 0x600002cb8720 [0x7fff9ed998e0]>{string = file:///Users/if65/Library/Application%20Support/4D/Licenses/Escape/, encoding = 134217984, base = (null)}
2020-07-22 10:03:58 INF:  External key file path: /Users/if65/Library/Application Support/4D/Licenses/Escape/PFood.QLC
2020-07-22 10:03:58 ERR:  ReadFromFile -43
2020-07-22 10:03:58 INF:  Ext key count: 0
2020-07-22 11:13:43 INF:  * RTShutdown *
2020-07-22 11:37:54 INF:  =====================================
2020-07-22 11:37:54 INF:  * RTStartup *
2020-07-22 11:37:54 INF:  -------------------------------------
2020-07-22 11:37:54 INF:  QLM 1.2.1 M
2020-07-22 11:37:54 INF:  appType4thDimension:0x1700, interpreted
2020-07-22 11:37:54 INF:  -------------------------------------
2020-07-22 11:37:54 INF:  RTLoadStructKeys
2020-07-22 11:37:54 INF:  IOLoadStructureKeys
2020-07-22 11:37:54 ERR:  Get4DRes -192
2020-07-22 11:37:54 INF:  Struct key count: 0
2020-07-22 11:37:54 INF:  -------------------------------------
2020-07-22 11:37:54 INF:  RTLoadExtKeys
2020-07-22 11:37:54 INF:  IOLoadExternalKey
2020-07-22 11:37:54 INF:  Checking existense of directory: <CFURL 0x600003a72c40 [0x7fff9ed998e0]>{string = file:///Users/if65/Library/Application%20Support/4D/Licenses/Escape/, encoding = 134217984, base = (null)}
2020-07-22 11:37:54 INF:  Path exists: <CFURL 0x600003a72c40 [0x7fff9ed998e0]>{string = file:///Users/if65/Library/Application%20Support/4D/Licenses/Escape/, encoding = 134217984, base = (null)}
2020-07-22 11:37:54 INF:  Directory exists: <CFURL 0x600003a72c40 [0x7fff9ed998e0]>{string = file:///Users/if65/Library/Application%20Support/4D/Licenses/Escape/, encoding = 134217984, base = (null)}
2020-07-22 11:37:54 INF:  External key file path: /Users/if65/Library/Application Support/4D/Licenses/Escape/PFood.QLC
2020-07-22 11:37:54 ERR:  ReadFromFile -43
2020-07-22 11:37:54 INF:  Ext key count: 0
2020-07-22 13:30:20 INF:  * RTShutdown *
2020-07-22 14:12:28 INF:  =====================================
2020-07-22 14:12:28 INF:  * RTStartup *
2020-07-22 14:12:28 INF:  -------------------------------------
2020-07-22 14:12:28 INF:  QLM 1.2.1 M
2020-07-22 14:12:28 INF:  appType4thDimension:0x1700, interpreted
2020-07-22 14:12:28 INF:  -------------------------------------
2020-07-22 14:12:28 INF:  RTLoadStructKeys
2020-07-22 14:12:28 INF:  IOLoadStructureKeys
2020-07-22 14:12:28 ERR:  Get4DRes -192
2020-07-22 14:12:28 INF:  Struct key count: 0
2020-07-22 14:12:28 INF:  -------------------------------------
2020-07-22 14:12:28 INF:  RTLoadExtKeys
2020-07-22 14:12:28 INF:  IOLoadExternalKey
2020-07-22 14:12:28 INF:  Checking existense of directory: <CFURL 0x600000da68e0 [0x7fff9ed998e0]>{string = file:///Users/if65/Library/Application%20Support/4D/Licenses/Escape/, encoding = 134217984, base = (null)}
2020-07-22 14:12:28 INF:  Path exists: <CFURL 0x600000da68e0 [0x7fff9ed998e0]>{string = file:///Users/if65/Library/Application%20Support/4D/Licenses/Escape/, encoding = 134217984, base = (null)}
2020-07-22 14:12:28 INF:  Directory exists: <CFURL 0x600000da68e0 [0x7fff9ed998e0]>{string = file:///Users/if65/Library/Application%20Support/4D/Licenses/Escape/, encoding = 134217984, base = (null)}
2020-07-22 14:12:28 INF:  External key file path: /Users/if65/Library/Application Support/4D/Licenses/Escape/PFood.QLC
2020-07-22 14:12:28 ERR:  ReadFromFile -43
2020-07-22 14:12:28 INF:  Ext key count: 0
2020-07-22 14:49:31 INF:  * RTShutdown *
2020-07-22 16:16:21 INF:  =====================================
2020-07-22 16:16:21 INF:  * RTStartup *
2020-07-22 16:16:21 INF:  -------------------------------------
2020-07-22 16:16:21 INF:  QLM 1.2.1 M
2020-07-22 16:16:21 INF:  appType4thDimension:0x1700, interpreted
2020-07-22 16:16:21 INF:  -------------------------------------
2020-07-22 16:16:21 INF:  RTLoadStructKeys
2020-07-22 16:16:21 INF:  IOLoadStructureKeys
2020-07-22 16:16:21 ERR:  Get4DRes -192
2020-07-22 16:16:21 INF:  Struct key count: 0
2020-07-22 16:16:21 INF:  -------------------------------------
2020-07-22 16:16:21 INF:  RTLoadExtKeys
2020-07-22 16:16:21 INF:  IOLoadExternalKey
2020-07-22 16:16:21 INF:  Checking existense of directory: <CFURL 0x600002930fc0 [0x7fff9ed998e0]>{string = file:///Users/if65/Library/Application%20Support/4D/Licenses/Escape/, encoding = 134217984, base = (null)}
2020-07-22 16:16:21 INF:  Path exists: <CFURL 0x600002930fc0 [0x7fff9ed998e0]>{string = file:///Users/if65/Library/Application%20Support/4D/Licenses/Escape/, encoding = 134217984, base = (null)}
2020-07-22 16:16:21 INF:  Directory exists: <CFURL 0x600002930fc0 [0x7fff9ed998e0]>{string = file:///Users/if65/Library/Application%20Support/4D/Licenses/Escape/, encoding = 134217984, base = (null)}
2020-07-22 16:16:21 INF:  External key file path: /Users/if65/Library/Application Support/4D/Licenses/Escape/PFood.QLC
2020-07-22 16:16:21 ERR:  ReadFromFile -43
2020-07-22 16:16:21 INF:  Ext key count: 0
2020-07-22 17:01:21 INF:  * RTShutdown *
2020-07-22 17:04:38 INF:  =====================================
2020-07-22 17:04:38 INF:  * RTStartup *
2020-07-22 17:04:38 INF:  -------------------------------------
2020-07-22 17:04:38 INF:  QLM 1.2.1 M
2020-07-22 17:04:38 INF:  appType4thDimension:0x1700, interpreted
2020-07-22 17:04:38 INF:  -------------------------------------
2020-07-22 17:04:38 INF:  RTLoadStructKeys
2020-07-22 17:04:38 INF:  IOLoadStructureKeys
2020-07-22 17:04:38 ERR:  Get4DRes -192
2020-07-22 17:04:38 INF:  Struct key count: 0
2020-07-22 17:04:38 INF:  -------------------------------------
2020-07-22 17:04:38 INF:  RTLoadExtKeys
2020-07-22 17:04:38 INF:  IOLoadExternalKey
2020-07-22 17:04:38 INF:  Checking existense of directory: <CFURL 0x600000356160 [0x7fff9ed998e0]>{string = file:///Users/if65/Library/Application%20Support/4D/Licenses/Escape/, encoding = 134217984, base = (null)}
2020-07-22 17:04:38 INF:  Path exists: <CFURL 0x600000356160 [0x7fff9ed998e0]>{string = file:///Users/if65/Library/Application%20Support/4D/Licenses/Escape/, encoding = 134217984, base = (null)}
2020-07-22 17:04:38 INF:  Directory exists: <CFURL 0x600000356160 [0x7fff9ed998e0]>{string = file:///Users/if65/Library/Application%20Support/4D/Licenses/Escape/, encoding = 134217984, base = (null)}
2020-07-22 17:04:38 INF:  External key file path: /Users/if65/Library/Application Support/4D/Licenses/Escape/PFood.QLC
2020-07-22 17:04:38 ERR:  ReadFromFile -43
2020-07-22 17:04:38 INF:  Ext key count: 0
2020-07-22 17:17:35 INF:  * RTShutdown *
2020-07-23 07:12:46 INF:  =====================================
2020-07-23 07:12:46 INF:  * RTStartup *
2020-07-23 07:12:46 INF:  -------------------------------------
2020-07-23 07:12:46 INF:  QLM 1.2.1 M
2020-07-23 07:12:46 INF:  appType4thDimension:0x1700, interpreted
2020-07-23 07:12:46 INF:  -------------------------------------
2020-07-23 07:12:46 INF:  RTLoadStructKeys
2020-07-23 07:12:46 INF:  IOLoadStructureKeys
2020-07-23 07:12:46 ERR:  Get4DRes -192
2020-07-23 07:12:46 INF:  Struct key count: 0
2020-07-23 07:12:46 INF:  -------------------------------------
2020-07-23 07:12:46 INF:  RTLoadExtKeys
2020-07-23 07:12:46 INF:  IOLoadExternalKey
2020-07-23 07:12:46 INF:  Checking existense of directory: <CFURL 0x600000a49f20 [0x7fff9ed998e0]>{string = file:///Users/if65/Library/Application%20Support/4D/Licenses/Escape/, encoding = 134217984, base = (null)}
2020-07-23 07:12:46 INF:  Path exists: <CFURL 0x600000a49f20 [0x7fff9ed998e0]>{string = file:///Users/if65/Library/Application%20Support/4D/Licenses/Escape/, encoding = 134217984, base = (null)}
2020-07-23 07:12:46 INF:  Directory exists: <CFURL 0x600000a49f20 [0x7fff9ed998e0]>{string = file:///Users/if65/Library/Application%20Support/4D/Licenses/Escape/, encoding = 134217984, base = (null)}
2020-07-23 07:12:46 INF:  External key file path: /Users/if65/Library/Application Support/4D/Licenses/Escape/PFood.QLC
2020-07-23 07:12:46 ERR:  ReadFromFile -43
2020-07-23 07:12:46 INF:  Ext key count: 0
2020-07-23 07:20:52 INF:  * RTShutdown *
2020-07-25 11:00:55 INF:  =====================================
2020-07-25 11:00:55 INF:  * RTStartup *
2020-07-25 11:00:55 INF:  -------------------------------------
2020-07-25 11:00:55 INF:  QLM 1.2.1 M
2020-07-25 11:00:55 INF:  appType4thDimension:0x1700, interpreted
2020-07-25 11:00:55 INF:  -------------------------------------
2020-07-25 11:00:55 INF:  RTLoadStructKeys
2020-07-25 11:00:55 INF:  IOLoadStructureKeys
2020-07-25 11:00:55 ERR:  Get4DRes -192
2020-07-25 11:00:55 INF:  Struct key count: 0
2020-07-25 11:00:55 INF:  -------------------------------------
2020-07-25 11:00:55 INF:  RTLoadExtKeys
2020-07-25 11:00:55 INF:  IOLoadExternalKey
2020-07-25 11:00:55 INF:  Checking existense of directory: <CFURL 0x600002173a80 [0x7fff993418e0]>{string = file:///Users/if65/Library/Application%20Support/4D/Licenses/Escape/, encoding = 134217984, base = (null)}
2020-07-25 11:00:55 INF:  Path exists: <CFURL 0x600002173a80 [0x7fff993418e0]>{string = file:///Users/if65/Library/Application%20Support/4D/Licenses/Escape/, encoding = 134217984, base = (null)}
2020-07-25 11:00:55 INF:  Directory exists: <CFURL 0x600002173a80 [0x7fff993418e0]>{string = file:///Users/if65/Library/Application%20Support/4D/Licenses/Escape/, encoding = 134217984, base = (null)}
2020-07-25 11:00:55 INF:  External key file path: /Users/if65/Library/Application Support/4D/Licenses/Escape/PFood.QLC
2020-07-25 11:00:55 ERR:  ReadFromFile -43
2020-07-25 11:00:55 INF:  Ext key count: 0
2020-07-25 11:08:33 INF:  * RTShutdown *
2020-07-27 08:01:15 INF:  =====================================
2020-07-27 08:01:15 INF:  * RTStartup *
2020-07-27 08:01:15 INF:  -------------------------------------
2020-07-27 08:01:15 INF:  QLM 1.2.1 M
2020-07-27 08:01:15 INF:  appType4thDimension:0x1700, interpreted
2020-07-27 08:01:15 INF:  -------------------------------------
2020-07-27 08:01:15 INF:  RTLoadStructKeys
2020-07-27 08:01:15 INF:  IOLoadStructureKeys
2020-07-27 08:01:15 ERR:  Get4DRes -192
2020-07-27 08:01:15 INF:  Struct key count: 0
2020-07-27 08:01:15 INF:  -------------------------------------
2020-07-27 08:01:15 INF:  RTLoadExtKeys
2020-07-27 08:01:15 INF:  IOLoadExternalKey
2020-07-27 08:01:15 INF:  Checking existense of directory: <CFURL 0x60000075e3a0 [0x7fff993418e0]>{string = file:///Users/if65/Library/Application%20Support/4D/Licenses/Escape/, encoding = 134217984, base = (null)}
2020-07-27 08:01:15 INF:  Path exists: <CFURL 0x60000075e3a0 [0x7fff993418e0]>{string = file:///Users/if65/Library/Application%20Support/4D/Licenses/Escape/, encoding = 134217984, base = (null)}
2020-07-27 08:01:15 INF:  Directory exists: <CFURL 0x60000075e3a0 [0x7fff993418e0]>{string = file:///Users/if65/Library/Application%20Support/4D/Licenses/Escape/, encoding = 134217984, base = (null)}
2020-07-27 08:01:15 INF:  External key file path: /Users/if65/Library/Application Support/4D/Licenses/Escape/PFood.QLC
2020-07-27 08:01:15 ERR:  ReadFromFile -43
2020-07-27 08:01:15 INF:  Ext key count: 0
2020-07-27 08:36:59 INF:  * RTShutdown *
2020-07-27 10:23:23 INF:  =====================================
2020-07-27 10:23:23 INF:  * RTStartup *
2020-07-27 10:23:23 INF:  -------------------------------------
2020-07-27 10:23:23 INF:  QLM 1.2.1 M
2020-07-27 10:23:23 INF:  appType4thDimension:0x1700, interpreted
2020-07-27 10:23:23 INF:  -------------------------------------
2020-07-27 10:23:23 INF:  RTLoadStructKeys
2020-07-27 10:23:23 INF:  IOLoadStructureKeys
2020-07-27 10:23:23 ERR:  Get4DRes -192
2020-07-27 10:23:23 INF:  Struct key count: 0
2020-07-27 10:23:23 INF:  -------------------------------------
2020-07-27 10:23:23 INF:  RTLoadExtKeys
2020-07-27 10:23:23 INF:  IOLoadExternalKey
2020-07-27 10:23:23 INF:  Checking existense of directory: <CFURL 0x60000266d320 [0x7fff993418e0]>{string = file:///Users/if65/Library/Application%20Support/4D/Licenses/Escape/, encoding = 134217984, base = (null)}
2020-07-27 10:23:23 INF:  Path exists: <CFURL 0x60000266d320 [0x7fff993418e0]>{string = file:///Users/if65/Library/Application%20Support/4D/Licenses/Escape/, encoding = 134217984, base = (null)}
2020-07-27 10:23:23 INF:  Directory exists: <CFURL 0x60000266d320 [0x7fff993418e0]>{string = file:///Users/if65/Library/Application%20Support/4D/Licenses/Escape/, encoding = 134217984, base = (null)}
2020-07-27 10:23:23 INF:  External key file path: /Users/if65/Library/Application Support/4D/Licenses/Escape/PFood.QLC
2020-07-27 10:23:23 ERR:  ReadFromFile -43
2020-07-27 10:23:23 INF:  Ext key count: 0
2020-07-27 10:24:32 INF:  * RTShutdown *
2020-07-27 10:31:20 INF:  =====================================
2020-07-27 10:31:20 INF:  * RTStartup *
2020-07-27 10:31:20 INF:  -------------------------------------
2020-07-27 10:31:20 INF:  QLM 1.2.1 M
2020-07-27 10:31:20 INF:  appType4thDimension:0x1700, interpreted
2020-07-27 10:31:20 INF:  -------------------------------------
2020-07-27 10:31:20 INF:  RTLoadStructKeys
2020-07-27 10:31:20 INF:  IOLoadStructureKeys
2020-07-27 10:31:20 ERR:  Get4DRes -192
2020-07-27 10:31:20 INF:  Struct key count: 0
2020-07-27 10:31:20 INF:  -------------------------------------
2020-07-27 10:31:20 INF:  RTLoadExtKeys
2020-07-27 10:31:20 INF:  IOLoadExternalKey
2020-07-27 10:31:20 INF:  Checking existense of directory: <CFURL 0x600000aa5320 [0x7fff993418e0]>{string = file:///Users/if65/Library/Application%20Support/4D/Licenses/Escape/, encoding = 134217984, base = (null)}
2020-07-27 10:31:20 INF:  Path exists: <CFURL 0x600000aa5320 [0x7fff993418e0]>{string = file:///Users/if65/Library/Application%20Support/4D/Licenses/Escape/, encoding = 134217984, base = (null)}
2020-07-27 10:31:20 INF:  Directory exists: <CFURL 0x600000aa5320 [0x7fff993418e0]>{string = file:///Users/if65/Library/Application%20Support/4D/Licenses/Escape/, encoding = 134217984, base = (null)}
2020-07-27 10:31:20 INF:  External key file path: /Users/if65/Library/Application Support/4D/Licenses/Escape/PFood.QLC
2020-07-27 10:31:20 ERR:  ReadFromFile -43
2020-07-27 10:31:20 INF:  Ext key count: 0
2020-07-27 10:57:21 INF:  * RTShutdown *
2020-07-27 13:46:26 INF:  =====================================
2020-07-27 13:46:26 INF:  * RTStartup *
2020-07-27 13:46:26 INF:  -------------------------------------
2020-07-27 13:46:26 INF:  QLM 1.2.1 M
2020-07-27 13:46:26 INF:  appType4thDimension:0x1700, interpreted
2020-07-27 13:46:26 INF:  -------------------------------------
2020-07-27 13:46:26 INF:  RTLoadStructKeys
2020-07-27 13:46:26 INF:  IOLoadStructureKeys
2020-07-27 13:46:26 ERR:  Get4DRes -192
2020-07-27 13:46:26 INF:  Struct key count: 0
2020-07-27 13:46:26 INF:  -------------------------------------
2020-07-27 13:46:26 INF:  RTLoadExtKeys
2020-07-27 13:46:26 INF:  IOLoadExternalKey
2020-07-27 13:46:26 INF:  Checking existense of directory: <CFURL 0x600001f11380 [0x7fff993418e0]>{string = file:///Users/if65/Library/Application%20Support/4D/Licenses/Escape/, encoding = 134217984, base = (null)}
2020-07-27 13:46:26 INF:  Path exists: <CFURL 0x600001f11380 [0x7fff993418e0]>{string = file:///Users/if65/Library/Application%20Support/4D/Licenses/Escape/, encoding = 134217984, base = (null)}
2020-07-27 13:46:26 INF:  Directory exists: <CFURL 0x600001f11380 [0x7fff993418e0]>{string = file:///Users/if65/Library/Application%20Support/4D/Licenses/Escape/, encoding = 134217984, base = (null)}
2020-07-27 13:46:26 INF:  External key file path: /Users/if65/Library/Application Support/4D/Licenses/Escape/PFood.QLC
2020-07-27 13:46:26 ERR:  ReadFromFile -43
2020-07-27 13:46:26 INF:  Ext key count: 0
2020-07-27 16:23:40 INF:  * RTShutdown *
2020-07-28 13:38:47 INF:  =====================================
2020-07-28 13:38:47 INF:  * RTStartup *
2020-07-28 13:38:47 INF:  -------------------------------------
2020-07-28 13:38:47 INF:  QLM 1.2.1 M
2020-07-28 13:38:47 INF:  appType4thDimension:0x1700, interpreted
2020-07-28 13:38:47 INF:  -------------------------------------
2020-07-28 13:38:47 INF:  RTLoadStructKeys
2020-07-28 13:38:47 INF:  IOLoadStructureKeys
2020-07-28 13:38:47 ERR:  Get4DRes -192
2020-07-28 13:38:47 INF:  Struct key count: 0
2020-07-28 13:38:47 INF:  -------------------------------------
2020-07-28 13:38:47 INF:  RTLoadExtKeys
2020-07-28 13:38:47 INF:  IOLoadExternalKey
2020-07-28 13:38:47 INF:  Checking existense of directory: <CFURL 0x600000065b60 [0x7fff993418e0]>{string = file:///Users/if65/Library/Application%20Support/4D/Licenses/Escape/, encoding = 134217984, base = (null)}
2020-07-28 13:38:47 INF:  Path exists: <CFURL 0x600000065b60 [0x7fff993418e0]>{string = file:///Users/if65/Library/Application%20Support/4D/Licenses/Escape/, encoding = 134217984, base = (null)}
2020-07-28 13:38:47 INF:  Directory exists: <CFURL 0x600000065b60 [0x7fff993418e0]>{string = file:///Users/if65/Library/Application%20Support/4D/Licenses/Escape/, encoding = 134217984, base = (null)}
2020-07-28 13:38:47 INF:  External key file path: /Users/if65/Library/Application Support/4D/Licenses/Escape/PFood.QLC
2020-07-28 13:38:47 ERR:  ReadFromFile -43
2020-07-28 13:38:47 INF:  Ext key count: 0
2020-07-28 14:25:47 INF:  * RTShutdown *
2020-07-28 14:53:13 INF:  =====================================
2020-07-28 14:53:13 INF:  * RTStartup *
2020-07-28 14:53:13 INF:  -------------------------------------
2020-07-28 14:53:13 INF:  QLM 1.2.1 M
2020-07-28 14:53:13 INF:  appType4thDimension:0x1700, interpreted
2020-07-28 14:53:13 INF:  -------------------------------------
2020-07-28 14:53:13 INF:  RTLoadStructKeys
2020-07-28 14:53:13 INF:  IOLoadStructureKeys
2020-07-28 14:53:13 ERR:  Get4DRes -192
2020-07-28 14:53:13 INF:  Struct key count: 0
2020-07-28 14:53:13 INF:  -------------------------------------
2020-07-28 14:53:13 INF:  RTLoadExtKeys
2020-07-28 14:53:13 INF:  IOLoadExternalKey
2020-07-28 14:53:13 INF:  Checking existense of directory: <CFURL 0x600003cde700 [0x7fff993418e0]>{string = file:///Users/if65/Library/Application%20Support/4D/Licenses/Escape/, encoding = 134217984, base = (null)}
2020-07-28 14:53:13 INF:  Path exists: <CFURL 0x600003cde700 [0x7fff993418e0]>{string = file:///Users/if65/Library/Application%20Support/4D/Licenses/Escape/, encoding = 134217984, base = (null)}
2020-07-28 14:53:13 INF:  Directory exists: <CFURL 0x600003cde700 [0x7fff993418e0]>{string = file:///Users/if65/Library/Application%20Support/4D/Licenses/Escape/, encoding = 134217984, base = (null)}
2020-07-28 14:53:13 INF:  External key file path: /Users/if65/Library/Application Support/4D/Licenses/Escape/PFood.QLC
2020-07-28 14:53:13 ERR:  ReadFromFile -43
2020-07-28 14:53:13 INF:  Ext key count: 0
2020-07-28 15:03:32 INF:  * RTShutdown *
2020-07-31 15:27:50 INF:  =====================================
2020-07-31 15:27:50 INF:  * RTStartup *
2020-07-31 15:27:50 INF:  -------------------------------------
2020-07-31 15:27:50 INF:  QLM 1.2.1 M
2020-07-31 15:27:50 INF:  appType4thDimension:0x1700, interpreted
2020-07-31 15:27:50 INF:  -------------------------------------
2020-07-31 15:27:50 INF:  RTLoadStructKeys
2020-07-31 15:27:50 INF:  IOLoadStructureKeys
2020-07-31 15:27:50 ERR:  Get4DRes -192
2020-07-31 15:27:50 INF:  Struct key count: 0
2020-07-31 15:27:50 INF:  -------------------------------------
2020-07-31 15:27:50 INF:  RTLoadExtKeys
2020-07-31 15:27:50 INF:  IOLoadExternalKey
2020-07-31 15:27:50 INF:  Checking existense of directory: <CFURL 0x600003070480 [0x7fffa9fce8e0]>{string = file:///Users/if65/Library/Application%20Support/4D/Licenses/Escape/, encoding = 134217984, base = (null)}
2020-07-31 15:27:50 INF:  Path exists: <CFURL 0x600003070480 [0x7fffa9fce8e0]>{string = file:///Users/if65/Library/Application%20Support/4D/Licenses/Escape/, encoding = 134217984, base = (null)}
2020-07-31 15:27:50 INF:  Directory exists: <CFURL 0x600003070480 [0x7fffa9fce8e0]>{string = file:///Users/if65/Library/Application%20Support/4D/Licenses/Escape/, encoding = 134217984, base = (null)}
2020-07-31 15:27:50 INF:  External key file path: /Users/if65/Library/Application Support/4D/Licenses/Escape/PFood.QLC
2020-07-31 15:27:50 ERR:  ReadFromFile -43
2020-07-31 15:27:50 INF:  Ext key count: 0
2020-07-31 17:16:20 INF:  * RTShutdown *
