2020-04-01 10:24:22 INF:  * RTShutdown *
2020-04-01 11:01:06 INF:  =====================================
2020-04-01 11:01:06 INF:  * RTStartup *
2020-04-01 11:01:06 INF:  -------------------------------------
2020-04-01 11:01:06 INF:  QLM 1.2.1 M
2020-04-01 11:01:06 INF:  appType4thDimension:0x1700, interpreted
2020-04-01 11:01:06 INF:  -------------------------------------
2020-04-01 11:01:06 INF:  RTLoadStructKeys
2020-04-01 11:01:06 INF:  IOLoadStructureKeys
2020-04-01 11:01:06 ERR:  Get4DRes -192
2020-04-01 11:01:06 INF:  Struct key count: 0
2020-04-01 11:01:06 INF:  -------------------------------------
2020-04-01 11:01:06 INF:  RTLoadExtKeys
2020-04-01 11:01:06 INF:  IOLoadExternalKey
2020-04-01 11:01:06 INF:  Checking existense of directory: <CFURL 0x6000012b9080 [0x7fff87c2e8e0]>{string = file:///Users/if65/Library/Application%20Support/4D/Licenses/Escape/, encoding = 134217984, base = (null)}
2020-04-01 11:01:06 INF:  Path exists: <CFURL 0x6000012b9080 [0x7fff87c2e8e0]>{string = file:///Users/if65/Library/Application%20Support/4D/Licenses/Escape/, encoding = 134217984, base = (null)}
2020-04-01 11:01:06 INF:  Directory exists: <CFURL 0x6000012b9080 [0x7fff87c2e8e0]>{string = file:///Users/if65/Library/Application%20Support/4D/Licenses/Escape/, encoding = 134217984, base = (null)}
2020-04-01 11:01:06 INF:  External key file path: /Users/if65/Library/Application Support/4D/Licenses/Escape/PFood.QLC
2020-04-01 11:01:06 ERR:  ReadFromFile -43
2020-04-01 11:01:06 INF:  Ext key count: 0
2020-04-01 21:14:40 INF:  * RTShutdown *
2020-04-01 21:19:49 INF:  =====================================
2020-04-01 21:19:49 INF:  * RTStartup *
2020-04-01 21:19:49 INF:  -------------------------------------
2020-04-01 21:19:49 INF:  QLM 1.2.1 M
2020-04-01 21:19:49 INF:  appType4thDimension:0x1700, interpreted
2020-04-01 21:19:49 INF:  -------------------------------------
2020-04-01 21:19:49 INF:  RTLoadStructKeys
2020-04-01 21:19:49 INF:  IOLoadStructureKeys
2020-04-01 21:19:49 ERR:  Get4DRes -192
2020-04-01 21:19:49 INF:  Struct key count: 0
2020-04-01 21:19:49 INF:  -------------------------------------
2020-04-01 21:19:49 INF:  RTLoadExtKeys
2020-04-01 21:19:49 INF:  IOLoadExternalKey
2020-04-01 21:19:49 INF:  Checking existense of directory: <CFURL 0x6000037d36c0 [0x7fff87c2e8e0]>{string = file:///Users/if65/Library/Application%20Support/4D/Licenses/Escape/, encoding = 134217984, base = (null)}
2020-04-01 21:19:49 INF:  Path exists: <CFURL 0x6000037d36c0 [0x7fff87c2e8e0]>{string = file:///Users/if65/Library/Application%20Support/4D/Licenses/Escape/, encoding = 134217984, base = (null)}
2020-04-01 21:19:49 INF:  Directory exists: <CFURL 0x6000037d36c0 [0x7fff87c2e8e0]>{string = file:///Users/if65/Library/Application%20Support/4D/Licenses/Escape/, encoding = 134217984, base = (null)}
2020-04-01 21:19:49 INF:  External key file path: /Users/if65/Library/Application Support/4D/Licenses/Escape/PFood.QLC
2020-04-01 21:19:49 ERR:  ReadFromFile -43
2020-04-01 21:19:49 INF:  Ext key count: 0
2020-04-01 21:28:27 INF:  * RTShutdown *
2020-04-02 14:39:56 INF:  =====================================
2020-04-02 14:39:56 INF:  * RTStartup *
2020-04-02 14:39:56 INF:  -------------------------------------
2020-04-02 14:39:56 INF:  QLM 1.2.1 M
2020-04-02 14:39:56 INF:  appType4thDimension:0x1700, interpreted
2020-04-02 14:39:56 INF:  -------------------------------------
2020-04-02 14:39:56 INF:  RTLoadStructKeys
2020-04-02 14:39:56 INF:  IOLoadStructureKeys
2020-04-02 14:39:56 ERR:  Get4DRes -192
2020-04-02 14:39:56 INF:  Struct key count: 0
2020-04-02 14:39:56 INF:  -------------------------------------
2020-04-02 14:39:56 INF:  RTLoadExtKeys
2020-04-02 14:39:56 INF:  IOLoadExternalKey
2020-04-02 14:39:56 INF:  Checking existense of directory: <CFURL 0x60000297bd20 [0x7fff87c2e8e0]>{string = file:///Users/if65/Library/Application%20Support/4D/Licenses/Escape/, encoding = 134217984, base = (null)}
2020-04-02 14:39:56 INF:  Path exists: <CFURL 0x60000297bd20 [0x7fff87c2e8e0]>{string = file:///Users/if65/Library/Application%20Support/4D/Licenses/Escape/, encoding = 134217984, base = (null)}
2020-04-02 14:39:56 INF:  Directory exists: <CFURL 0x60000297bd20 [0x7fff87c2e8e0]>{string = file:///Users/if65/Library/Application%20Support/4D/Licenses/Escape/, encoding = 134217984, base = (null)}
2020-04-02 14:39:56 INF:  External key file path: /Users/if65/Library/Application Support/4D/Licenses/Escape/PFood.QLC
2020-04-02 14:39:56 ERR:  ReadFromFile -43
2020-04-02 14:39:56 INF:  Ext key count: 0
2020-04-02 14:59:29 INF:  * RTShutdown *
2020-04-02 15:01:51 INF:  =====================================
2020-04-02 15:01:51 INF:  * RTStartup *
2020-04-02 15:01:51 INF:  -------------------------------------
2020-04-02 15:01:51 INF:  QLM 1.2.1 M
2020-04-02 15:01:51 INF:  appType4thDimension:0x1700, interpreted
2020-04-02 15:01:51 INF:  -------------------------------------
2020-04-02 15:01:51 INF:  RTLoadStructKeys
2020-04-02 15:01:51 INF:  IOLoadStructureKeys
2020-04-02 15:01:51 ERR:  Get4DRes -192
2020-04-02 15:01:51 INF:  Struct key count: 0
2020-04-02 15:01:51 INF:  -------------------------------------
2020-04-02 15:01:51 INF:  RTLoadExtKeys
2020-04-02 15:01:51 INF:  IOLoadExternalKey
2020-04-02 15:01:51 INF:  Checking existense of directory: <CFURL 0x60000040d200 [0x7fff87c2e8e0]>{string = file:///Users/if65/Library/Application%20Support/4D/Licenses/Escape/, encoding = 134217984, base = (null)}
2020-04-02 15:01:51 INF:  Path exists: <CFURL 0x60000040d200 [0x7fff87c2e8e0]>{string = file:///Users/if65/Library/Application%20Support/4D/Licenses/Escape/, encoding = 134217984, base = (null)}
2020-04-02 15:01:51 INF:  Directory exists: <CFURL 0x60000040d200 [0x7fff87c2e8e0]>{string = file:///Users/if65/Library/Application%20Support/4D/Licenses/Escape/, encoding = 134217984, base = (null)}
2020-04-02 15:01:51 INF:  External key file path: /Users/if65/Library/Application Support/4D/Licenses/Escape/PFood.QLC
2020-04-02 15:01:51 ERR:  ReadFromFile -43
2020-04-02 15:01:51 INF:  Ext key count: 0
2020-04-02 15:17:48 INF:  * RTShutdown *
2020-04-03 08:05:37 INF:  =====================================
2020-04-03 08:05:37 INF:  * RTStartup *
2020-04-03 08:05:37 INF:  -------------------------------------
2020-04-03 08:05:37 INF:  QLM 1.2.1 M
2020-04-03 08:05:37 INF:  appType4thDimension:0x1700, interpreted
2020-04-03 08:05:37 INF:  -------------------------------------
2020-04-03 08:05:37 INF:  RTLoadStructKeys
2020-04-03 08:05:37 INF:  IOLoadStructureKeys
2020-04-03 08:05:37 ERR:  Get4DRes -192
2020-04-03 08:05:37 INF:  Struct key count: 0
2020-04-03 08:05:37 INF:  -------------------------------------
2020-04-03 08:05:37 INF:  RTLoadExtKeys
2020-04-03 08:05:37 INF:  IOLoadExternalKey
2020-04-03 08:05:37 INF:  Checking existense of directory: <CFURL 0x600002ca0ea0 [0x7fff87c2e8e0]>{string = file:///Users/if65/Library/Application%20Support/4D/Licenses/Escape/, encoding = 134217984, base = (null)}
2020-04-03 08:05:37 INF:  Path exists: <CFURL 0x600002ca0ea0 [0x7fff87c2e8e0]>{string = file:///Users/if65/Library/Application%20Support/4D/Licenses/Escape/, encoding = 134217984, base = (null)}
2020-04-03 08:05:37 INF:  Directory exists: <CFURL 0x600002ca0ea0 [0x7fff87c2e8e0]>{string = file:///Users/if65/Library/Application%20Support/4D/Licenses/Escape/, encoding = 134217984, base = (null)}
2020-04-03 08:05:37 INF:  External key file path: /Users/if65/Library/Application Support/4D/Licenses/Escape/PFood.QLC
2020-04-03 08:05:37 ERR:  ReadFromFile -43
2020-04-03 08:05:37 INF:  Ext key count: 0
2020-04-03 08:11:31 INF:  * RTShutdown *
2020-04-05 17:25:16 INF:  =====================================
2020-04-05 17:25:16 INF:  * RTStartup *
2020-04-05 17:25:16 INF:  -------------------------------------
2020-04-05 17:25:16 INF:  QLM 1.2.1 M
2020-04-05 17:25:16 INF:  appType4thDimension:0x1700, interpreted
2020-04-05 17:25:16 INF:  -------------------------------------
2020-04-05 17:25:16 INF:  RTLoadStructKeys
2020-04-05 17:25:16 INF:  IOLoadStructureKeys
2020-04-05 17:25:16 ERR:  Get4DRes -192
2020-04-05 17:25:16 INF:  Struct key count: 0
2020-04-05 17:25:16 INF:  -------------------------------------
2020-04-05 17:25:16 INF:  RTLoadExtKeys
2020-04-05 17:25:16 INF:  IOLoadExternalKey
2020-04-05 17:25:16 INF:  Checking existense of directory: <CFURL 0x600001851140 [0x7fff87c2e8e0]>{string = file:///Users/if65/Library/Application%20Support/4D/Licenses/Escape/, encoding = 134217984, base = (null)}
2020-04-05 17:25:16 INF:  Path exists: <CFURL 0x600001851140 [0x7fff87c2e8e0]>{string = file:///Users/if65/Library/Application%20Support/4D/Licenses/Escape/, encoding = 134217984, base = (null)}
2020-04-05 17:25:16 INF:  Directory exists: <CFURL 0x600001851140 [0x7fff87c2e8e0]>{string = file:///Users/if65/Library/Application%20Support/4D/Licenses/Escape/, encoding = 134217984, base = (null)}
2020-04-05 17:25:16 INF:  External key file path: /Users/if65/Library/Application Support/4D/Licenses/Escape/PFood.QLC
2020-04-05 17:25:16 ERR:  ReadFromFile -43
2020-04-05 17:25:16 INF:  Ext key count: 0
2020-04-05 18:32:33 INF:  * RTShutdown *
2020-04-06 14:52:27 INF:  =====================================
2020-04-06 14:52:27 INF:  * RTStartup *
2020-04-06 14:52:27 INF:  -------------------------------------
2020-04-06 14:52:27 INF:  QLM 1.2.1 M
2020-04-06 14:52:27 INF:  appType4thDimension:0x1700, interpreted
2020-04-06 14:52:27 INF:  -------------------------------------
2020-04-06 14:52:27 INF:  RTLoadStructKeys
2020-04-06 14:52:27 INF:  IOLoadStructureKeys
2020-04-06 14:52:27 ERR:  Get4DRes -192
2020-04-06 14:52:27 INF:  Struct key count: 0
2020-04-06 14:52:27 INF:  -------------------------------------
2020-04-06 14:52:27 INF:  RTLoadExtKeys
2020-04-06 14:52:27 INF:  IOLoadExternalKey
2020-04-06 14:52:27 INF:  Checking existense of directory: <CFURL 0x60000033d0e0 [0x7fff87c2e8e0]>{string = file:///Users/if65/Library/Application%20Support/4D/Licenses/Escape/, encoding = 134217984, base = (null)}
2020-04-06 14:52:27 INF:  Path exists: <CFURL 0x60000033d0e0 [0x7fff87c2e8e0]>{string = file:///Users/if65/Library/Application%20Support/4D/Licenses/Escape/, encoding = 134217984, base = (null)}
2020-04-06 14:52:27 INF:  Directory exists: <CFURL 0x60000033d0e0 [0x7fff87c2e8e0]>{string = file:///Users/if65/Library/Application%20Support/4D/Licenses/Escape/, encoding = 134217984, base = (null)}
2020-04-06 14:52:27 INF:  External key file path: /Users/if65/Library/Application Support/4D/Licenses/Escape/PFood.QLC
2020-04-06 14:52:27 ERR:  ReadFromFile -43
2020-04-06 14:52:27 INF:  Ext key count: 0
2020-04-06 18:48:21 INF:  * RTShutdown *
2020-04-07 08:23:33 INF:  =====================================
2020-04-07 08:23:33 INF:  * RTStartup *
2020-04-07 08:23:33 INF:  -------------------------------------
2020-04-07 08:23:33 INF:  QLM 1.2.1 M
2020-04-07 08:23:33 INF:  appType4thDimension:0x1700, interpreted
2020-04-07 08:23:33 INF:  -------------------------------------
2020-04-07 08:23:33 INF:  RTLoadStructKeys
2020-04-07 08:23:33 INF:  IOLoadStructureKeys
2020-04-07 08:23:33 ERR:  Get4DRes -192
2020-04-07 08:23:33 INF:  Struct key count: 0
2020-04-07 08:23:33 INF:  -------------------------------------
2020-04-07 08:23:33 INF:  RTLoadExtKeys
2020-04-07 08:23:33 INF:  IOLoadExternalKey
2020-04-07 08:23:33 INF:  Checking existense of directory: <CFURL 0x600003d65c80 [0x7fff87c2e8e0]>{string = file:///Users/if65/Library/Application%20Support/4D/Licenses/Escape/, encoding = 134217984, base = (null)}
2020-04-07 08:23:33 INF:  Path exists: <CFURL 0x600003d65c80 [0x7fff87c2e8e0]>{string = file:///Users/if65/Library/Application%20Support/4D/Licenses/Escape/, encoding = 134217984, base = (null)}
2020-04-07 08:23:33 INF:  Directory exists: <CFURL 0x600003d65c80 [0x7fff87c2e8e0]>{string = file:///Users/if65/Library/Application%20Support/4D/Licenses/Escape/, encoding = 134217984, base = (null)}
2020-04-07 08:23:33 INF:  External key file path: /Users/if65/Library/Application Support/4D/Licenses/Escape/PFood.QLC
2020-04-07 08:23:33 ERR:  ReadFromFile -43
2020-04-07 08:23:33 INF:  Ext key count: 0
2020-04-07 10:56:30 INF:  * RTShutdown *
2020-04-10 22:07:34 INF:  =====================================
2020-04-10 22:07:34 INF:  * RTStartup *
2020-04-10 22:07:34 INF:  -------------------------------------
2020-04-10 22:07:34 INF:  QLM 1.2.1 M
2020-04-10 22:07:34 INF:  appType4thDimension:0x1700, interpreted
2020-04-10 22:07:34 INF:  -------------------------------------
2020-04-10 22:07:34 INF:  RTLoadStructKeys
2020-04-10 22:07:34 INF:  IOLoadStructureKeys
2020-04-10 22:07:34 ERR:  Get4DRes -192
2020-04-10 22:07:34 INF:  Struct key count: 0
2020-04-10 22:07:34 INF:  -------------------------------------
2020-04-10 22:07:34 INF:  RTLoadExtKeys
2020-04-10 22:07:34 INF:  IOLoadExternalKey
2020-04-10 22:07:34 INF:  Checking existense of directory: <CFURL 0x600000fb4420 [0x7fff87c2e8e0]>{string = file:///Users/if65/Library/Application%20Support/4D/Licenses/Escape/, encoding = 134217984, base = (null)}
2020-04-10 22:07:34 INF:  Path exists: <CFURL 0x600000fb4420 [0x7fff87c2e8e0]>{string = file:///Users/if65/Library/Application%20Support/4D/Licenses/Escape/, encoding = 134217984, base = (null)}
2020-04-10 22:07:34 INF:  Directory exists: <CFURL 0x600000fb4420 [0x7fff87c2e8e0]>{string = file:///Users/if65/Library/Application%20Support/4D/Licenses/Escape/, encoding = 134217984, base = (null)}
2020-04-10 22:07:34 INF:  External key file path: /Users/if65/Library/Application Support/4D/Licenses/Escape/PFood.QLC
2020-04-10 22:07:34 ERR:  ReadFromFile -43
2020-04-10 22:07:34 INF:  Ext key count: 0
2020-04-10 22:09:44 INF:  * RTShutdown *
2020-04-14 10:19:19 INF:  =====================================
2020-04-14 10:19:19 INF:  * RTStartup *
2020-04-14 10:19:19 INF:  -------------------------------------
2020-04-14 10:19:19 INF:  QLM 1.2.1 M
2020-04-14 10:19:19 INF:  appType4thDimension:0x1700, interpreted
2020-04-14 10:19:19 INF:  -------------------------------------
2020-04-14 10:19:19 INF:  RTLoadStructKeys
2020-04-14 10:19:19 INF:  IOLoadStructureKeys
2020-04-14 10:19:19 ERR:  Get4DRes -192
2020-04-14 10:19:19 INF:  Struct key count: 0
2020-04-14 10:19:19 INF:  -------------------------------------
2020-04-14 10:19:19 INF:  RTLoadExtKeys
2020-04-14 10:19:19 INF:  IOLoadExternalKey
2020-04-14 10:19:19 INF:  Checking existense of directory: <CFURL 0x600001a15740 [0x7fff87c2e8e0]>{string = file:///Users/if65/Library/Application%20Support/4D/Licenses/Escape/, encoding = 134217984, base = (null)}
2020-04-14 10:19:19 INF:  Path exists: <CFURL 0x600001a15740 [0x7fff87c2e8e0]>{string = file:///Users/if65/Library/Application%20Support/4D/Licenses/Escape/, encoding = 134217984, base = (null)}
2020-04-14 10:19:19 INF:  Directory exists: <CFURL 0x600001a15740 [0x7fff87c2e8e0]>{string = file:///Users/if65/Library/Application%20Support/4D/Licenses/Escape/, encoding = 134217984, base = (null)}
2020-04-14 10:19:19 INF:  External key file path: /Users/if65/Library/Application Support/4D/Licenses/Escape/PFood.QLC
2020-04-14 10:19:19 ERR:  ReadFromFile -43
2020-04-14 10:19:19 INF:  Ext key count: 0
2020-04-14 11:08:34 INF:  * RTShutdown *
2020-04-18 07:04:51 INF:  =====================================
2020-04-18 07:04:51 INF:  * RTStartup *
2020-04-18 07:04:51 INF:  -------------------------------------
2020-04-18 07:04:51 INF:  QLM 1.2.1 M
2020-04-18 07:04:51 INF:  appType4thDimension:0x1700, interpreted
2020-04-18 07:04:51 INF:  -------------------------------------
2020-04-18 07:04:51 INF:  RTLoadStructKeys
2020-04-18 07:04:51 INF:  IOLoadStructureKeys
2020-04-18 07:04:51 ERR:  Get4DRes -192
2020-04-18 07:04:51 INF:  Struct key count: 0
2020-04-18 07:04:51 INF:  -------------------------------------
2020-04-18 07:04:51 INF:  RTLoadExtKeys
2020-04-18 07:04:51 INF:  IOLoadExternalKey
2020-04-18 07:04:51 INF:  Checking existense of directory: <CFURL 0x6000014d7360 [0x7fff87c2e8e0]>{string = file:///Users/if65/Library/Application%20Support/4D/Licenses/Escape/, encoding = 134217984, base = (null)}
2020-04-18 07:04:51 INF:  Path exists: <CFURL 0x6000014d7360 [0x7fff87c2e8e0]>{string = file:///Users/if65/Library/Application%20Support/4D/Licenses/Escape/, encoding = 134217984, base = (null)}
2020-04-18 07:04:51 INF:  Directory exists: <CFURL 0x6000014d7360 [0x7fff87c2e8e0]>{string = file:///Users/if65/Library/Application%20Support/4D/Licenses/Escape/, encoding = 134217984, base = (null)}
2020-04-18 07:04:51 INF:  External key file path: /Users/if65/Library/Application Support/4D/Licenses/Escape/PFood.QLC
2020-04-18 07:04:51 ERR:  ReadFromFile -43
2020-04-18 07:04:51 INF:  Ext key count: 0
2020-04-18 07:09:02 INF:  * RTShutdown *
2020-04-20 12:09:06 INF:  =====================================
2020-04-20 12:09:06 INF:  * RTStartup *
2020-04-20 12:09:06 INF:  -------------------------------------
2020-04-20 12:09:06 INF:  QLM 1.2.1 M
2020-04-20 12:09:06 INF:  appType4thDimension:0x1700, interpreted
2020-04-20 12:09:06 INF:  -------------------------------------
2020-04-20 12:09:06 INF:  RTLoadStructKeys
2020-04-20 12:09:06 INF:  IOLoadStructureKeys
2020-04-20 12:09:06 ERR:  Get4DRes -192
2020-04-20 12:09:06 INF:  Struct key count: 0
2020-04-20 12:09:06 INF:  -------------------------------------
2020-04-20 12:09:06 INF:  RTLoadExtKeys
2020-04-20 12:09:06 INF:  IOLoadExternalKey
2020-04-20 12:09:06 INF:  Checking existense of directory: <CFURL 0x6000004258c0 [0x7fff939768e0]>{string = file:///Users/if65/Library/Application%20Support/4D/Licenses/Escape/, encoding = 134217984, base = (null)}
2020-04-20 12:09:06 INF:  Path exists: <CFURL 0x6000004258c0 [0x7fff939768e0]>{string = file:///Users/if65/Library/Application%20Support/4D/Licenses/Escape/, encoding = 134217984, base = (null)}
2020-04-20 12:09:06 INF:  Directory exists: <CFURL 0x6000004258c0 [0x7fff939768e0]>{string = file:///Users/if65/Library/Application%20Support/4D/Licenses/Escape/, encoding = 134217984, base = (null)}
2020-04-20 12:09:06 INF:  External key file path: /Users/if65/Library/Application Support/4D/Licenses/Escape/PFood.QLC
2020-04-20 12:09:06 ERR:  ReadFromFile -43
2020-04-20 12:09:06 INF:  Ext key count: 0
2020-04-20 12:12:20 INF:  * RTShutdown *
2020-04-21 21:19:28 INF:  =====================================
2020-04-21 21:19:28 INF:  * RTStartup *
2020-04-21 21:19:28 INF:  -------------------------------------
2020-04-21 21:19:28 INF:  QLM 1.2.1 M
2020-04-21 21:19:28 INF:  appType4thDimension:0x1700, interpreted
2020-04-21 21:19:28 INF:  -------------------------------------
2020-04-21 21:19:28 INF:  RTLoadStructKeys
2020-04-21 21:19:28 INF:  IOLoadStructureKeys
2020-04-21 21:19:28 ERR:  Get4DRes -192
2020-04-21 21:19:28 INF:  Struct key count: 0
2020-04-21 21:19:28 INF:  -------------------------------------
2020-04-21 21:19:28 INF:  RTLoadExtKeys
2020-04-21 21:19:28 INF:  IOLoadExternalKey
2020-04-21 21:19:28 INF:  Checking existense of directory: <CFURL 0x600001a20600 [0x7fff939768e0]>{string = file:///Users/if65/Library/Application%20Support/4D/Licenses/Escape/, encoding = 134217984, base = (null)}
2020-04-21 21:19:28 INF:  Path exists: <CFURL 0x600001a20600 [0x7fff939768e0]>{string = file:///Users/if65/Library/Application%20Support/4D/Licenses/Escape/, encoding = 134217984, base = (null)}
2020-04-21 21:19:28 INF:  Directory exists: <CFURL 0x600001a20600 [0x7fff939768e0]>{string = file:///Users/if65/Library/Application%20Support/4D/Licenses/Escape/, encoding = 134217984, base = (null)}
2020-04-21 21:19:28 INF:  External key file path: /Users/if65/Library/Application Support/4D/Licenses/Escape/PFood.QLC
2020-04-21 21:19:28 ERR:  ReadFromFile -43
2020-04-21 21:19:28 INF:  Ext key count: 0
2020-04-22 16:31:24 INF:  * RTShutdown *
2020-04-22 17:45:25 INF:  =====================================
2020-04-22 17:45:25 INF:  * RTStartup *
2020-04-22 17:45:25 INF:  -------------------------------------
2020-04-22 17:45:25 INF:  QLM 1.2.1 M
2020-04-22 17:45:25 INF:  appType4thDimension:0x1700, interpreted
2020-04-22 17:45:25 INF:  -------------------------------------
2020-04-22 17:45:25 INF:  RTLoadStructKeys
2020-04-22 17:45:25 INF:  IOLoadStructureKeys
2020-04-22 17:45:25 ERR:  Get4DRes -192
2020-04-22 17:45:25 INF:  Struct key count: 0
2020-04-22 17:45:25 INF:  -------------------------------------
2020-04-22 17:45:25 INF:  RTLoadExtKeys
2020-04-22 17:45:25 INF:  IOLoadExternalKey
2020-04-22 17:45:25 INF:  Checking existense of directory: <CFURL 0x600000df0de0 [0x7fff939768e0]>{string = file:///Users/if65/Library/Application%20Support/4D/Licenses/Escape/, encoding = 134217984, base = (null)}
2020-04-22 17:45:25 INF:  Path exists: <CFURL 0x600000df0de0 [0x7fff939768e0]>{string = file:///Users/if65/Library/Application%20Support/4D/Licenses/Escape/, encoding = 134217984, base = (null)}
2020-04-22 17:45:25 INF:  Directory exists: <CFURL 0x600000df0de0 [0x7fff939768e0]>{string = file:///Users/if65/Library/Application%20Support/4D/Licenses/Escape/, encoding = 134217984, base = (null)}
2020-04-22 17:45:25 INF:  External key file path: /Users/if65/Library/Application Support/4D/Licenses/Escape/PFood.QLC
2020-04-22 17:45:25 ERR:  ReadFromFile -43
2020-04-22 17:45:25 INF:  Ext key count: 0
2020-04-22 19:02:30 INF:  * RTShutdown *
2020-04-23 16:32:32 INF:  =====================================
2020-04-23 16:32:32 INF:  * RTStartup *
2020-04-23 16:32:32 INF:  -------------------------------------
2020-04-23 16:32:32 INF:  QLM 1.2.1 M
2020-04-23 16:32:32 INF:  appType4thDimension:0x1700, interpreted
2020-04-23 16:32:32 INF:  -------------------------------------
2020-04-23 16:32:32 INF:  RTLoadStructKeys
2020-04-23 16:32:32 INF:  IOLoadStructureKeys
2020-04-23 16:32:32 ERR:  Get4DRes -192
2020-04-23 16:32:32 INF:  Struct key count: 0
2020-04-23 16:32:32 INF:  -------------------------------------
2020-04-23 16:32:32 INF:  RTLoadExtKeys
2020-04-23 16:32:32 INF:  IOLoadExternalKey
2020-04-23 16:32:32 INF:  Checking existense of directory: <CFURL 0x600003370060 [0x7fff939768e0]>{string = file:///Users/if65/Library/Application%20Support/4D/Licenses/Escape/, encoding = 134217984, base = (null)}
2020-04-23 16:32:32 INF:  Path exists: <CFURL 0x600003370060 [0x7fff939768e0]>{string = file:///Users/if65/Library/Application%20Support/4D/Licenses/Escape/, encoding = 134217984, base = (null)}
2020-04-23 16:32:32 INF:  Directory exists: <CFURL 0x600003370060 [0x7fff939768e0]>{string = file:///Users/if65/Library/Application%20Support/4D/Licenses/Escape/, encoding = 134217984, base = (null)}
2020-04-23 16:32:32 INF:  External key file path: /Users/if65/Library/Application Support/4D/Licenses/Escape/PFood.QLC
2020-04-23 16:32:32 ERR:  ReadFromFile -43
2020-04-23 16:32:32 INF:  Ext key count: 0
2020-04-23 16:38:59 INF:  * RTShutdown *
2020-04-25 16:57:17 INF:  =====================================
2020-04-25 16:57:17 INF:  * RTStartup *
2020-04-25 16:57:17 INF:  -------------------------------------
2020-04-25 16:57:17 INF:  QLM 1.2.1 M
2020-04-25 16:57:17 INF:  appType4thDimension:0x1700, interpreted
2020-04-25 16:57:17 INF:  -------------------------------------
2020-04-25 16:57:17 INF:  RTLoadStructKeys
2020-04-25 16:57:17 INF:  IOLoadStructureKeys
2020-04-25 16:57:17 ERR:  Get4DRes -192
2020-04-25 16:57:17 INF:  Struct key count: 0
2020-04-25 16:57:17 INF:  -------------------------------------
2020-04-25 16:57:17 INF:  RTLoadExtKeys
2020-04-25 16:57:17 INF:  IOLoadExternalKey
2020-04-25 16:57:17 INF:  Checking existense of directory: <CFURL 0x600001436220 [0x7fff939768e0]>{string = file:///Users/if65/Library/Application%20Support/4D/Licenses/Escape/, encoding = 134217984, base = (null)}
2020-04-25 16:57:17 INF:  Path exists: <CFURL 0x600001436220 [0x7fff939768e0]>{string = file:///Users/if65/Library/Application%20Support/4D/Licenses/Escape/, encoding = 134217984, base = (null)}
2020-04-25 16:57:17 INF:  Directory exists: <CFURL 0x600001436220 [0x7fff939768e0]>{string = file:///Users/if65/Library/Application%20Support/4D/Licenses/Escape/, encoding = 134217984, base = (null)}
2020-04-25 16:57:17 INF:  External key file path: /Users/if65/Library/Application Support/4D/Licenses/Escape/PFood.QLC
2020-04-25 16:57:17 ERR:  ReadFromFile -43
2020-04-25 16:57:17 INF:  Ext key count: 0
2020-04-25 17:13:04 INF:  * RTShutdown *
2020-04-25 17:17:21 INF:  =====================================
2020-04-25 17:17:21 INF:  * RTStartup *
2020-04-25 17:17:21 INF:  -------------------------------------
2020-04-25 17:17:21 INF:  QLM 1.2.1 M
2020-04-25 17:17:21 INF:  appType4thDimension:0x1700, interpreted
2020-04-25 17:17:21 INF:  -------------------------------------
2020-04-25 17:17:21 INF:  RTLoadStructKeys
2020-04-25 17:17:21 INF:  IOLoadStructureKeys
2020-04-25 17:17:21 ERR:  Get4DRes -192
2020-04-25 17:17:21 INF:  Struct key count: 0
2020-04-25 17:17:21 INF:  -------------------------------------
2020-04-25 17:17:21 INF:  RTLoadExtKeys
2020-04-25 17:17:21 INF:  IOLoadExternalKey
2020-04-25 17:17:21 INF:  Checking existense of directory: <CFURL 0x600003e68660 [0x7fff939768e0]>{string = file:///Users/if65/Library/Application%20Support/4D/Licenses/Escape/, encoding = 134217984, base = (null)}
2020-04-25 17:17:21 INF:  Path exists: <CFURL 0x600003e68660 [0x7fff939768e0]>{string = file:///Users/if65/Library/Application%20Support/4D/Licenses/Escape/, encoding = 134217984, base = (null)}
2020-04-25 17:17:21 INF:  Directory exists: <CFURL 0x600003e68660 [0x7fff939768e0]>{string = file:///Users/if65/Library/Application%20Support/4D/Licenses/Escape/, encoding = 134217984, base = (null)}
2020-04-25 17:17:21 INF:  External key file path: /Users/if65/Library/Application Support/4D/Licenses/Escape/PFood.QLC
2020-04-25 17:17:21 ERR:  ReadFromFile -43
2020-04-25 17:17:21 INF:  Ext key count: 0
2020-04-25 17:18:26 INF:  * RTShutdown *
2020-04-25 17:38:39 INF:  =====================================
2020-04-25 17:38:39 INF:  * RTStartup *
2020-04-25 17:38:39 INF:  -------------------------------------
2020-04-25 17:38:39 INF:  QLM 1.2.1 M
2020-04-25 17:38:39 INF:  appType4thDimension:0x1700, interpreted
2020-04-25 17:38:39 INF:  -------------------------------------
2020-04-25 17:38:39 INF:  RTLoadStructKeys
2020-04-25 17:38:39 INF:  IOLoadStructureKeys
2020-04-25 17:38:39 ERR:  Get4DRes -192
2020-04-25 17:38:39 INF:  Struct key count: 0
2020-04-25 17:38:39 INF:  -------------------------------------
2020-04-25 17:38:39 INF:  RTLoadExtKeys
2020-04-25 17:38:39 INF:  IOLoadExternalKey
2020-04-25 17:38:39 INF:  Checking existense of directory: <CFURL 0x600001272ee0 [0x7fff939768e0]>{string = file:///Users/if65/Library/Application%20Support/4D/Licenses/Escape/, encoding = 134217984, base = (null)}
2020-04-25 17:38:39 INF:  Path exists: <CFURL 0x600001272ee0 [0x7fff939768e0]>{string = file:///Users/if65/Library/Application%20Support/4D/Licenses/Escape/, encoding = 134217984, base = (null)}
2020-04-25 17:38:39 INF:  Directory exists: <CFURL 0x600001272ee0 [0x7fff939768e0]>{string = file:///Users/if65/Library/Application%20Support/4D/Licenses/Escape/, encoding = 134217984, base = (null)}
2020-04-25 17:38:39 INF:  External key file path: /Users/if65/Library/Application Support/4D/Licenses/Escape/PFood.QLC
2020-04-25 17:38:39 ERR:  ReadFromFile -43
2020-04-25 17:38:39 INF:  Ext key count: 0
2020-04-25 17:59:44 INF:  * RTShutdown *
2020-04-27 08:34:33 INF:  =====================================
2020-04-27 08:34:33 INF:  * RTStartup *
2020-04-27 08:34:33 INF:  -------------------------------------
2020-04-27 08:34:33 INF:  QLM 1.2.1 M
2020-04-27 08:34:33 INF:  appType4thDimension:0x1700, interpreted
2020-04-27 08:34:33 INF:  -------------------------------------
2020-04-27 08:34:33 INF:  RTLoadStructKeys
2020-04-27 08:34:33 INF:  IOLoadStructureKeys
2020-04-27 08:34:33 ERR:  Get4DRes -192
2020-04-27 08:34:33 INF:  Struct key count: 0
2020-04-27 08:34:33 INF:  -------------------------------------
2020-04-27 08:34:33 INF:  RTLoadExtKeys
2020-04-27 08:34:33 INF:  IOLoadExternalKey
2020-04-27 08:34:33 INF:  Checking existense of directory: <CFURL 0x6000005a88a0 [0x7fff939768e0]>{string = file:///Users/if65/Library/Application%20Support/4D/Licenses/Escape/, encoding = 134217984, base = (null)}
2020-04-27 08:34:33 INF:  Path exists: <CFURL 0x6000005a88a0 [0x7fff939768e0]>{string = file:///Users/if65/Library/Application%20Support/4D/Licenses/Escape/, encoding = 134217984, base = (null)}
2020-04-27 08:34:33 INF:  Directory exists: <CFURL 0x6000005a88a0 [0x7fff939768e0]>{string = file:///Users/if65/Library/Application%20Support/4D/Licenses/Escape/, encoding = 134217984, base = (null)}
2020-04-27 08:34:33 INF:  External key file path: /Users/if65/Library/Application Support/4D/Licenses/Escape/PFood.QLC
2020-04-27 08:34:33 ERR:  ReadFromFile -43
2020-04-27 08:34:33 INF:  Ext key count: 0
2020-04-27 10:15:03 INF:  * RTShutdown *
2020-04-27 10:48:18 INF:  =====================================
2020-04-27 10:48:18 INF:  * RTStartup *
2020-04-27 10:48:18 INF:  -------------------------------------
2020-04-27 10:48:18 INF:  QLM 1.2.1 M
2020-04-27 10:48:18 INF:  appType4thDimension:0x1700, interpreted
2020-04-27 10:48:18 INF:  -------------------------------------
2020-04-27 10:48:18 INF:  RTLoadStructKeys
2020-04-27 10:48:18 INF:  IOLoadStructureKeys
2020-04-27 10:48:18 ERR:  Get4DRes -192
2020-04-27 10:48:18 INF:  Struct key count: 0
2020-04-27 10:48:18 INF:  -------------------------------------
2020-04-27 10:48:18 INF:  RTLoadExtKeys
2020-04-27 10:48:18 INF:  IOLoadExternalKey
2020-04-27 10:48:18 INF:  Checking existense of directory: <CFURL 0x600001401aa0 [0x7fff939768e0]>{string = file:///Users/if65/Library/Application%20Support/4D/Licenses/Escape/, encoding = 134217984, base = (null)}
2020-04-27 10:48:18 INF:  Path exists: <CFURL 0x600001401aa0 [0x7fff939768e0]>{string = file:///Users/if65/Library/Application%20Support/4D/Licenses/Escape/, encoding = 134217984, base = (null)}
2020-04-27 10:48:18 INF:  Directory exists: <CFURL 0x600001401aa0 [0x7fff939768e0]>{string = file:///Users/if65/Library/Application%20Support/4D/Licenses/Escape/, encoding = 134217984, base = (null)}
2020-04-27 10:48:18 INF:  External key file path: /Users/if65/Library/Application Support/4D/Licenses/Escape/PFood.QLC
2020-04-27 10:48:18 ERR:  ReadFromFile -43
2020-04-27 10:48:18 INF:  Ext key count: 0
2020-04-27 10:59:38 INF:  * RTShutdown *
2020-04-28 09:32:18 INF:  =====================================
2020-04-28 09:32:18 INF:  * RTStartup *
2020-04-28 09:32:18 INF:  -------------------------------------
2020-04-28 09:32:18 INF:  QLM 1.2.1 M
2020-04-28 09:32:18 INF:  appType4thDimension:0x1700, interpreted
2020-04-28 09:32:18 INF:  -------------------------------------
2020-04-28 09:32:18 INF:  RTLoadStructKeys
2020-04-28 09:32:18 INF:  IOLoadStructureKeys
2020-04-28 09:32:18 ERR:  Get4DRes -192
2020-04-28 09:32:18 INF:  Struct key count: 0
2020-04-28 09:32:18 INF:  -------------------------------------
2020-04-28 09:32:18 INF:  RTLoadExtKeys
2020-04-28 09:32:18 INF:  IOLoadExternalKey
2020-04-28 09:32:18 INF:  Checking existense of directory: <CFURL 0x600000e699e0 [0x7fff939768e0]>{string = file:///Users/if65/Library/Application%20Support/4D/Licenses/Escape/, encoding = 134217984, base = (null)}
2020-04-28 09:32:18 INF:  Path exists: <CFURL 0x600000e699e0 [0x7fff939768e0]>{string = file:///Users/if65/Library/Application%20Support/4D/Licenses/Escape/, encoding = 134217984, base = (null)}
2020-04-28 09:32:18 INF:  Directory exists: <CFURL 0x600000e699e0 [0x7fff939768e0]>{string = file:///Users/if65/Library/Application%20Support/4D/Licenses/Escape/, encoding = 134217984, base = (null)}
2020-04-28 09:32:18 INF:  External key file path: /Users/if65/Library/Application Support/4D/Licenses/Escape/PFood.QLC
2020-04-28 09:32:18 ERR:  ReadFromFile -43
2020-04-28 09:32:18 INF:  Ext key count: 0
2020-04-28 09:32:26 INF:  * RTShutdown *
2020-04-28 15:49:25 INF:  =====================================
2020-04-28 15:49:25 INF:  * RTStartup *
2020-04-28 15:49:25 INF:  -------------------------------------
2020-04-28 15:49:25 INF:  QLM 1.2.1 M
2020-04-28 15:49:25 INF:  appType4thDimension:0x1700, interpreted
2020-04-28 15:49:25 INF:  -------------------------------------
2020-04-28 15:49:25 INF:  RTLoadStructKeys
2020-04-28 15:49:25 INF:  IOLoadStructureKeys
2020-04-28 15:49:25 ERR:  Get4DRes -192
2020-04-28 15:49:25 INF:  Struct key count: 0
2020-04-28 15:49:25 INF:  -------------------------------------
2020-04-28 15:49:25 INF:  RTLoadExtKeys
2020-04-28 15:49:25 INF:  IOLoadExternalKey
2020-04-28 15:49:25 INF:  Checking existense of directory: <CFURL 0x600002bd73c0 [0x7fff939768e0]>{string = file:///Users/if65/Library/Application%20Support/4D/Licenses/Escape/, encoding = 134217984, base = (null)}
2020-04-28 15:49:25 INF:  Path exists: <CFURL 0x600002bd73c0 [0x7fff939768e0]>{string = file:///Users/if65/Library/Application%20Support/4D/Licenses/Escape/, encoding = 134217984, base = (null)}
2020-04-28 15:49:25 INF:  Directory exists: <CFURL 0x600002bd73c0 [0x7fff939768e0]>{string = file:///Users/if65/Library/Application%20Support/4D/Licenses/Escape/, encoding = 134217984, base = (null)}
2020-04-28 15:49:25 INF:  External key file path: /Users/if65/Library/Application Support/4D/Licenses/Escape/PFood.QLC
2020-04-28 15:49:25 ERR:  ReadFromFile -43
2020-04-28 15:49:25 INF:  Ext key count: 0
2020-04-28 16:23:00 INF:  * RTShutdown *
2020-04-28 17:34:44 INF:  =====================================
2020-04-28 17:34:44 INF:  * RTStartup *
2020-04-28 17:34:44 INF:  -------------------------------------
2020-04-28 17:34:44 INF:  QLM 1.2.1 M
2020-04-28 17:34:44 INF:  appType4thDimension:0x1700, interpreted
2020-04-28 17:34:44 INF:  -------------------------------------
2020-04-28 17:34:44 INF:  RTLoadStructKeys
2020-04-28 17:34:44 INF:  IOLoadStructureKeys
2020-04-28 17:34:44 ERR:  Get4DRes -192
2020-04-28 17:34:44 INF:  Struct key count: 0
2020-04-28 17:34:44 INF:  -------------------------------------
2020-04-28 17:34:44 INF:  RTLoadExtKeys
2020-04-28 17:34:44 INF:  IOLoadExternalKey
2020-04-28 17:34:44 INF:  Checking existense of directory: <CFURL 0x6000001c1500 [0x7fff939768e0]>{string = file:///Users/if65/Library/Application%20Support/4D/Licenses/Escape/, encoding = 134217984, base = (null)}
2020-04-28 17:34:44 INF:  Path exists: <CFURL 0x6000001c1500 [0x7fff939768e0]>{string = file:///Users/if65/Library/Application%20Support/4D/Licenses/Escape/, encoding = 134217984, base = (null)}
2020-04-28 17:34:44 INF:  Directory exists: <CFURL 0x6000001c1500 [0x7fff939768e0]>{string = file:///Users/if65/Library/Application%20Support/4D/Licenses/Escape/, encoding = 134217984, base = (null)}
2020-04-28 17:34:44 INF:  External key file path: /Users/if65/Library/Application Support/4D/Licenses/Escape/PFood.QLC
2020-04-28 17:34:44 ERR:  ReadFromFile -43
2020-04-28 17:34:44 INF:  Ext key count: 0
2020-04-28 19:10:34 INF:  * RTShutdown *
2020-04-29 09:20:39 INF:  =====================================
2020-04-29 09:20:39 INF:  * RTStartup *
2020-04-29 09:20:39 INF:  -------------------------------------
2020-04-29 09:20:39 INF:  QLM 1.2.1 M
2020-04-29 09:20:39 INF:  appType4thDimension:0x1700, interpreted
2020-04-29 09:20:39 INF:  -------------------------------------
2020-04-29 09:20:39 INF:  RTLoadStructKeys
2020-04-29 09:20:39 INF:  IOLoadStructureKeys
2020-04-29 09:20:39 ERR:  Get4DRes -192
2020-04-29 09:20:39 INF:  Struct key count: 0
2020-04-29 09:20:39 INF:  -------------------------------------
2020-04-29 09:20:39 INF:  RTLoadExtKeys
2020-04-29 09:20:39 INF:  IOLoadExternalKey
2020-04-29 09:20:39 INF:  Checking existense of directory: <CFURL 0x600003ebb360 [0x7fff939768e0]>{string = file:///Users/if65/Library/Application%20Support/4D/Licenses/Escape/, encoding = 134217984, base = (null)}
2020-04-29 09:20:39 INF:  Path exists: <CFURL 0x600003ebb360 [0x7fff939768e0]>{string = file:///Users/if65/Library/Application%20Support/4D/Licenses/Escape/, encoding = 134217984, base = (null)}
2020-04-29 09:20:39 INF:  Directory exists: <CFURL 0x600003ebb360 [0x7fff939768e0]>{string = file:///Users/if65/Library/Application%20Support/4D/Licenses/Escape/, encoding = 134217984, base = (null)}
2020-04-29 09:20:39 INF:  External key file path: /Users/if65/Library/Application Support/4D/Licenses/Escape/PFood.QLC
2020-04-29 09:20:39 ERR:  ReadFromFile -43
2020-04-29 09:20:39 INF:  Ext key count: 0
2020-04-29 14:23:51 INF:  * RTShutdown *
2020-04-29 15:22:29 INF:  =====================================
2020-04-29 15:22:29 INF:  * RTStartup *
2020-04-29 15:22:29 INF:  -------------------------------------
2020-04-29 15:22:29 INF:  QLM 1.2.1 M
2020-04-29 15:22:29 INF:  appType4thDimension:0x1700, interpreted
2020-04-29 15:22:29 INF:  -------------------------------------
2020-04-29 15:22:29 INF:  RTLoadStructKeys
2020-04-29 15:22:29 INF:  IOLoadStructureKeys
2020-04-29 15:22:29 ERR:  Get4DRes -192
2020-04-29 15:22:29 INF:  Struct key count: 0
2020-04-29 15:22:29 INF:  -------------------------------------
2020-04-29 15:22:29 INF:  RTLoadExtKeys
2020-04-29 15:22:29 INF:  IOLoadExternalKey
2020-04-29 15:22:29 INF:  Checking existense of directory: <CFURL 0x600003daec40 [0x7fff939768e0]>{string = file:///Users/if65/Library/Application%20Support/4D/Licenses/Escape/, encoding = 134217984, base = (null)}
2020-04-29 15:22:29 INF:  Path exists: <CFURL 0x600003daec40 [0x7fff939768e0]>{string = file:///Users/if65/Library/Application%20Support/4D/Licenses/Escape/, encoding = 134217984, base = (null)}
2020-04-29 15:22:29 INF:  Directory exists: <CFURL 0x600003daec40 [0x7fff939768e0]>{string = file:///Users/if65/Library/Application%20Support/4D/Licenses/Escape/, encoding = 134217984, base = (null)}
2020-04-29 15:22:29 INF:  External key file path: /Users/if65/Library/Application Support/4D/Licenses/Escape/PFood.QLC
2020-04-29 15:22:29 ERR:  ReadFromFile -43
2020-04-29 15:22:29 INF:  Ext key count: 0
2020-04-29 15:25:02 INF:  * RTShutdown *
2020-04-30 15:09:05 INF:  =====================================
2020-04-30 15:09:05 INF:  * RTStartup *
2020-04-30 15:09:05 INF:  -------------------------------------
2020-04-30 15:09:05 INF:  QLM 1.2.1 M
2020-04-30 15:09:05 INF:  appType4thDimension:0x1700, interpreted
2020-04-30 15:09:05 INF:  -------------------------------------
2020-04-30 15:09:05 INF:  RTLoadStructKeys
2020-04-30 15:09:05 INF:  IOLoadStructureKeys
2020-04-30 15:09:05 ERR:  Get4DRes -192
2020-04-30 15:09:05 INF:  Struct key count: 0
2020-04-30 15:09:05 INF:  -------------------------------------
2020-04-30 15:09:05 INF:  RTLoadExtKeys
2020-04-30 15:09:05 INF:  IOLoadExternalKey
2020-04-30 15:09:05 INF:  Checking existense of directory: <CFURL 0x600003b20ea0 [0x7fff939768e0]>{string = file:///Users/if65/Library/Application%20Support/4D/Licenses/Escape/, encoding = 134217984, base = (null)}
2020-04-30 15:09:05 INF:  Path exists: <CFURL 0x600003b20ea0 [0x7fff939768e0]>{string = file:///Users/if65/Library/Application%20Support/4D/Licenses/Escape/, encoding = 134217984, base = (null)}
2020-04-30 15:09:05 INF:  Directory exists: <CFURL 0x600003b20ea0 [0x7fff939768e0]>{string = file:///Users/if65/Library/Application%20Support/4D/Licenses/Escape/, encoding = 134217984, base = (null)}
2020-04-30 15:09:05 INF:  External key file path: /Users/if65/Library/Application Support/4D/Licenses/Escape/PFood.QLC
2020-04-30 15:09:05 ERR:  ReadFromFile -43
2020-04-30 15:09:05 INF:  Ext key count: 0
2020-04-30 18:25:28 INF:  * RTShutdown *
